Training set (200000, 28, 28) (200000,)
Validation set (10000, 28, 28) (10000,)
Test set (10000, 28, 28) (10000,)
Training set (200000, 784) (200000,)
Validation set (10000, 784) (10000,)
Test set (10000, 784) (10000,)
Step 0: loss = 2.30 (0.135 sec)
Training Data Eval:
  Num examples: 199936  Num correct: 161745  Precision @ 1: 0.8090
Validation Data Eval:
  Num examples: 9984  Num correct: 8107  Precision @ 1: 0.8120
Test Data Eval:
  Num examples: 9984  Num correct: 8746  Precision @ 1: 0.8760
Step 1000: loss = 0.82 (0.001 sec)
Training Data Eval:
  Num examples: 199936  Num correct: 165611  Precision @ 1: 0.8283
Validation Data Eval:
  Num examples: 9984  Num correct: 8304  Precision @ 1: 0.8317
Test Data Eval:
  Num examples: 9984  Num correct: 8911  Precision @ 1: 0.8925
Step 2000: loss = 0.59 (0.001 sec)
Training Data Eval:
  Num examples: 199936  Num correct: 167278  Precision @ 1: 0.8367
Validation Data Eval:
  Num examples: 9984  Num correct: 8372  Precision @ 1: 0.8385
Test Data Eval:
  Num examples: 9984  Num correct: 8975  Precision @ 1: 0.8989
Step 3000: loss = 0.51 (0.001 sec)
Training Data Eval:
  Num examples: 199936  Num correct: 168128  Precision @ 1: 0.8409
Validation Data Eval:
  Num examples: 9984  Num correct: 8405  Precision @ 1: 0.8418
Test Data Eval:
  Num examples: 9984  Num correct: 9020  Precision @ 1: 0.9034
Step 4000: loss = 0.49 (0.002 sec)
Training Data Eval:
  Num examples: 199936  Num correct: 169102  Precision @ 1: 0.8458
Validation Data Eval:
  Num examples: 9984  Num correct: 8456  Precision @ 1: 0.8470
Test Data Eval:
  Num examples: 9984  Num correct: 9069  Precision @ 1: 0.9084
Step 5000: loss = 0.45 (0.002 sec)
Training Data Eval:
  Num examples: 199936  Num correct: 169820  Precision @ 1: 0.8494
Validation Data Eval:
  Num examples: 9984  Num correct: 8469  Precision @ 1: 0.8483
Test Data Eval:
  Num examples: 9984  Num correct: 9091  Precision @ 1: 0.9106
Step 6000: loss = 0.44 (0.001 sec)
Training Data Eval:
  Num examples: 199936  Num correct: 170368  Precision @ 1: 0.8521
Validation Data Eval:
  Num examples: 9984  Num correct: 8489  Precision @ 1: 0.8503
Test Data Eval:
  Num examples: 9984  Num correct: 9118  Precision @ 1: 0.9133
Step 7000: loss = 0.40 (0.001 sec)
Training Data Eval:
  Num examples: 199936  Num correct: 170865  Precision @ 1: 0.8546
Validation Data Eval:
  Num examples: 9984  Num correct: 8518  Precision @ 1: 0.8532
Test Data Eval:
  Num examples: 9984  Num correct: 9132  Precision @ 1: 0.9147
Step 8000: loss = 0.58 (0.001 sec)
Training Data Eval:
  Num examples: 199936  Num correct: 171392  Precision @ 1: 0.8572
Validation Data Eval:
  Num examples: 9984  Num correct: 8537  Precision @ 1: 0.8551
Test Data Eval:
  Num examples: 9984  Num correct: 9154  Precision @ 1: 0.9169
Step 9000: loss = 0.57 (0.002 sec)
Training Data Eval:
  Num examples: 199936  Num correct: 171748  Precision @ 1: 0.8590
Validation Data Eval:
  Num examples: 9984  Num correct: 8558  Precision @ 1: 0.8572
Test Data Eval:
  Num examples: 9984  Num correct: 9171  Precision @ 1: 0.9186
Step 10000: loss = 0.49 (0.001 sec)
Training Data Eval:
  Num examples: 199936  Num correct: 172128  Precision @ 1: 0.8609
Validation Data Eval:
  Num examples: 9984  Num correct: 8572  Precision @ 1: 0.8586
Test Data Eval:
  Num examples: 9984  Num correct: 9191  Precision @ 1: 0.9206
Step 11000: loss = 0.35 (0.002 sec)
Training Data Eval:
  Num examples: 199936  Num correct: 172633  Precision @ 1: 0.8634
Validation Data Eval:
  Num examples: 9984  Num correct: 8601  Precision @ 1: 0.8615
Test Data Eval:
  Num examples: 9984  Num correct: 9200  Precision @ 1: 0.9215
Step 12000: loss = 0.39 (0.001 sec)
Training Data Eval:
  Num examples: 199936  Num correct: 173032  Precision @ 1: 0.8654
Validation Data Eval:
  Num examples: 9984  Num correct: 8611  Precision @ 1: 0.8625
Test Data Eval:
  Num examples: 9984  Num correct: 9222  Precision @ 1: 0.9237
Step 13000: loss = 0.55 (0.001 sec)
Training Data Eval:
  Num examples: 199936  Num correct: 173450  Precision @ 1: 0.8675
Validation Data Eval:
  Num examples: 9984  Num correct: 8642  Precision @ 1: 0.8656
Test Data Eval:
  Num examples: 9984  Num correct: 9237  Precision @ 1: 0.9252
Step 14000: loss = 0.53 (0.001 sec)
Training Data Eval:
  Num examples: 199936  Num correct: 173749  Precision @ 1: 0.8690
Validation Data Eval:
  Num examples: 9984  Num correct: 8658  Precision @ 1: 0.8672
Test Data Eval:
  Num examples: 9984  Num correct: 9244  Precision @ 1: 0.9259
Step 15000: loss = 0.53 (0.001 sec)
Training Data Eval:
  Num examples: 199936  Num correct: 174090  Precision @ 1: 0.8707
Validation Data Eval:
  Num examples: 9984  Num correct: 8651  Precision @ 1: 0.8665
Test Data Eval:
  Num examples: 9984  Num correct: 9256  Precision @ 1: 0.9271
Step 16000: loss = 0.58 (0.001 sec)
Training Data Eval:
  Num examples: 199936  Num correct: 174324  Precision @ 1: 0.8719
Validation Data Eval:
  Num examples: 9984  Num correct: 8678  Precision @ 1: 0.8692
Test Data Eval:
  Num examples: 9984  Num correct: 9261  Precision @ 1: 0.9276
Step 17000: loss = 0.50 (0.002 sec)
Training Data Eval:
  Num examples: 199936  Num correct: 174765  Precision @ 1: 0.8741
Validation Data Eval:
  Num examples: 9984  Num correct: 8697  Precision @ 1: 0.8711
Test Data Eval:
  Num examples: 9984  Num correct: 9275  Precision @ 1: 0.9290
Step 18000: loss = 0.36 (0.001 sec)
Training Data Eval:
  Num examples: 199936  Num correct: 175044  Precision @ 1: 0.8755
Validation Data Eval:
  Num examples: 9984  Num correct: 8709  Precision @ 1: 0.8723
Test Data Eval:
  Num examples: 9984  Num correct: 9276  Precision @ 1: 0.9291
Step 19000: loss = 0.44 (0.002 sec)
Training Data Eval:
  Num examples: 199936  Num correct: 175277  Precision @ 1: 0.8767
Validation Data Eval:
  Num examples: 9984  Num correct: 8731  Precision @ 1: 0.8745
Test Data Eval:
  Num examples: 9984  Num correct: 9285  Precision @ 1: 0.9300
Step 20000: loss = 0.37 (0.001 sec)
Training Data Eval:
  Num examples: 199936  Num correct: 175646  Precision @ 1: 0.8785
Validation Data Eval:
  Num examples: 9984  Num correct: 8735  Precision @ 1: 0.8749
Test Data Eval:
  Num examples: 9984  Num correct: 9306  Precision @ 1: 0.9321
Step 21000: loss = 0.55 (0.001 sec)
Training Data Eval:
  Num examples: 199936  Num correct: 175996  Precision @ 1: 0.8803
Validation Data Eval:
  Num examples: 9984  Num correct: 8734  Precision @ 1: 0.8748
Test Data Eval:
  Num examples: 9984  Num correct: 9299  Precision @ 1: 0.9314
Step 22000: loss = 0.38 (0.002 sec)
Training Data Eval:
  Num examples: 199936  Num correct: 176317  Precision @ 1: 0.8819
Validation Data Eval:
  Num examples: 9984  Num correct: 8753  Precision @ 1: 0.8767
Test Data Eval:
  Num examples: 9984  Num correct: 9309  Precision @ 1: 0.9324
Step 23000: loss = 0.36 (0.001 sec)
Training Data Eval:
  Num examples: 199936  Num correct: 176518  Precision @ 1: 0.8829
Validation Data Eval:
  Num examples: 9984  Num correct: 8762  Precision @ 1: 0.8776
Test Data Eval:
  Num examples: 9984  Num correct: 9307  Precision @ 1: 0.9322
Step 24000: loss = 0.39 (0.001 sec)
Training Data Eval:
  Num examples: 199936  Num correct: 176821  Precision @ 1: 0.8844
Validation Data Eval:
  Num examples: 9984  Num correct: 8770  Precision @ 1: 0.8784
Test Data Eval:
  Num examples: 9984  Num correct: 9324  Precision @ 1: 0.9339
Step 25000: loss = 0.30 (0.001 sec)
Training Data Eval:
  Num examples: 199936  Num correct: 176942  Precision @ 1: 0.8850
Validation Data Eval:
  Num examples: 9984  Num correct: 8773  Precision @ 1: 0.8787
Test Data Eval:
  Num examples: 9984  Num correct: 9325  Precision @ 1: 0.9340
Step 26000: loss = 0.36 (0.001 sec)
Training Data Eval:
  Num examples: 199936  Num correct: 177189  Precision @ 1: 0.8862
Validation Data Eval:
  Num examples: 9984  Num correct: 8766  Precision @ 1: 0.8780
Test Data Eval:
  Num examples: 9984  Num correct: 9330  Precision @ 1: 0.9345
Step 27000: loss = 0.33 (0.002 sec)
Training Data Eval:
  Num examples: 199936  Num correct: 177470  Precision @ 1: 0.8876
Validation Data Eval:
  Num examples: 9984  Num correct: 8782  Precision @ 1: 0.8796
Test Data Eval:
  Num examples: 9984  Num correct: 9344  Precision @ 1: 0.9359
Step 28000: loss = 0.40 (0.002 sec)
Training Data Eval:
  Num examples: 199936  Num correct: 177695  Precision @ 1: 0.8888
Validation Data Eval:
  Num examples: 9984  Num correct: 8796  Precision @ 1: 0.8810
Test Data Eval:
  Num examples: 9984  Num correct: 9343  Precision @ 1: 0.9358
Step 29000: loss = 0.37 (0.001 sec)
Training Data Eval:
  Num examples: 199936  Num correct: 177746  Precision @ 1: 0.8890
Validation Data Eval:
  Num examples: 9984  Num correct: 8790  Precision @ 1: 0.8804
Test Data Eval:
  Num examples: 9984  Num correct: 9347  Precision @ 1: 0.9362
Step 30000: loss = 0.56 (0.001 sec)
Training Data Eval:
  Num examples: 199936  Num correct: 178172  Precision @ 1: 0.8911
Validation Data Eval:
  Num examples: 9984  Num correct: 8800  Precision @ 1: 0.8814
Test Data Eval:
  Num examples: 9984  Num correct: 9362  Precision @ 1: 0.9377
Step 31000: loss = 0.40 (0.001 sec)
Training Data Eval:
  Num examples: 199936  Num correct: 178236  Precision @ 1: 0.8915
Validation Data Eval:
  Num examples: 9984  Num correct: 8805  Precision @ 1: 0.8819
Test Data Eval:
  Num examples: 9984  Num correct: 9351  Precision @ 1: 0.9366
Step 32000: loss = 0.46 (0.002 sec)
Training Data Eval:
  Num examples: 199936  Num correct: 178473  Precision @ 1: 0.8927
Validation Data Eval:
  Num examples: 9984  Num correct: 8806  Precision @ 1: 0.8820
Test Data Eval:
  Num examples: 9984  Num correct: 9373  Precision @ 1: 0.9388
Step 33000: loss = 0.47 (0.002 sec)
Training Data Eval:
  Num examples: 199936  Num correct: 178742  Precision @ 1: 0.8940
Validation Data Eval:
  Num examples: 9984  Num correct: 8815  Precision @ 1: 0.8829
Test Data Eval:
  Num examples: 9984  Num correct: 9377  Precision @ 1: 0.9392
Step 34000: loss = 0.17 (0.001 sec)
Training Data Eval:
  Num examples: 199936  Num correct: 178881  Precision @ 1: 0.8947
Validation Data Eval:
  Num examples: 9984  Num correct: 8831  Precision @ 1: 0.8845
Test Data Eval:
  Num examples: 9984  Num correct: 9377  Precision @ 1: 0.9392
Step 35000: loss = 0.25 (0.001 sec)
Training Data Eval:
  Num examples: 199936  Num correct: 179078  Precision @ 1: 0.8957
Validation Data Eval:
  Num examples: 9984  Num correct: 8840  Precision @ 1: 0.8854
Test Data Eval:
  Num examples: 9984  Num correct: 9386  Precision @ 1: 0.9401
Step 36000: loss = 0.40 (0.002 sec)
Training Data Eval:
  Num examples: 199936  Num correct: 179212  Precision @ 1: 0.8963
Validation Data Eval:
  Num examples: 9984  Num correct: 8843  Precision @ 1: 0.8857
Test Data Eval:
  Num examples: 9984  Num correct: 9393  Precision @ 1: 0.9408
Step 37000: loss = 0.41 (0.002 sec)
Training Data Eval:
  Num examples: 199936  Num correct: 179349  Precision @ 1: 0.8970
Validation Data Eval:
  Num examples: 9984  Num correct: 8829  Precision @ 1: 0.8843
Test Data Eval:
  Num examples: 9984  Num correct: 9400  Precision @ 1: 0.9415
Step 38000: loss = 0.27 (0.001 sec)
Training Data Eval:
  Num examples: 199936  Num correct: 179501  Precision @ 1: 0.8978
Validation Data Eval:
  Num examples: 9984  Num correct: 8841  Precision @ 1: 0.8855
Test Data Eval:
  Num examples: 9984  Num correct: 9397  Precision @ 1: 0.9412
Step 39000: loss = 0.23 (0.002 sec)
Training Data Eval:
  Num examples: 199936  Num correct: 179735  Precision @ 1: 0.8990
Validation Data Eval:
  Num examples: 9984  Num correct: 8848  Precision @ 1: 0.8862
Test Data Eval:
  Num examples: 9984  Num correct: 9393  Precision @ 1: 0.9408
Step 40000: loss = 0.25 (0.001 sec)
Training Data Eval:
  Num examples: 199936  Num correct: 179890  Precision @ 1: 0.8997
Validation Data Eval:
  Num examples: 9984  Num correct: 8839  Precision @ 1: 0.8853
Test Data Eval:
  Num examples: 9984  Num correct: 9397  Precision @ 1: 0.9412
Step 41000: loss = 0.38 (0.001 sec)
Training Data Eval:
  Num examples: 199936  Num correct: 180076  Precision @ 1: 0.9007
Validation Data Eval:
  Num examples: 9984  Num correct: 8864  Precision @ 1: 0.8878
Test Data Eval:
  Num examples: 9984  Num correct: 9406  Precision @ 1: 0.9421
Step 42000: loss = 0.39 (0.003 sec)
Training Data Eval:
  Num examples: 199936  Num correct: 180130  Precision @ 1: 0.9009
Validation Data Eval:
  Num examples: 9984  Num correct: 8853  Precision @ 1: 0.8867
Test Data Eval:
  Num examples: 9984  Num correct: 9407  Precision @ 1: 0.9422
Step 43000: loss = 0.43 (0.001 sec)
Training Data Eval:
  Num examples: 199936  Num correct: 180393  Precision @ 1: 0.9023
Validation Data Eval:
  Num examples: 9984  Num correct: 8858  Precision @ 1: 0.8872
Test Data Eval:
  Num examples: 9984  Num correct: 9401  Precision @ 1: 0.9416
Step 44000: loss = 0.26 (0.002 sec)
Training Data Eval:
  Num examples: 199936  Num correct: 180438  Precision @ 1: 0.9025
Validation Data Eval:
  Num examples: 9984  Num correct: 8854  Precision @ 1: 0.8868
Test Data Eval:
  Num examples: 9984  Num correct: 9410  Precision @ 1: 0.9425
Step 45000: loss = 0.29 (0.001 sec)
Training Data Eval:
  Num examples: 199936  Num correct: 180621  Precision @ 1: 0.9034
Validation Data Eval:
  Num examples: 9984  Num correct: 8870  Precision @ 1: 0.8884
Test Data Eval:
  Num examples: 9984  Num correct: 9412  Precision @ 1: 0.9427
Step 46000: loss = 0.17 (0.001 sec)
Training Data Eval:
  Num examples: 199936  Num correct: 180738  Precision @ 1: 0.9040
Validation Data Eval:
  Num examples: 9984  Num correct: 8870  Precision @ 1: 0.8884
Test Data Eval:
  Num examples: 9984  Num correct: 9411  Precision @ 1: 0.9426
Step 47000: loss = 0.27 (0.002 sec)
Training Data Eval:
  Num examples: 199936  Num correct: 180958  Precision @ 1: 0.9051
Validation Data Eval:
  Num examples: 9984  Num correct: 8872  Precision @ 1: 0.8886
Test Data Eval:
  Num examples: 9984  Num correct: 9409  Precision @ 1: 0.9424
Step 48000: loss = 0.32 (0.001 sec)
Training Data Eval:
  Num examples: 199936  Num correct: 181027  Precision @ 1: 0.9054
Validation Data Eval:
  Num examples: 9984  Num correct: 8888  Precision @ 1: 0.8902
Test Data Eval:
  Num examples: 9984  Num correct: 9407  Precision @ 1: 0.9422
Step 49000: loss = 0.29 (0.001 sec)
Training Data Eval:
  Num examples: 199936  Num correct: 181119  Precision @ 1: 0.9059
Validation Data Eval:
  Num examples: 9984  Num correct: 8882  Precision @ 1: 0.8896
Test Data Eval:
  Num examples: 9984  Num correct: 9412  Precision @ 1: 0.9427
Step 50000: loss = 0.22 (0.001 sec)
Training Data Eval:
  Num examples: 199936  Num correct: 181280  Precision @ 1: 0.9067
Validation Data Eval:
  Num examples: 9984  Num correct: 8900  Precision @ 1: 0.8914
Test Data Eval:
  Num examples: 9984  Num correct: 9414  Precision @ 1: 0.9429
Step 51000: loss = 0.42 (0.002 sec)
Training Data Eval:
  Num examples: 199936  Num correct: 181425  Precision @ 1: 0.9074
Validation Data Eval:
  Num examples: 9984  Num correct: 8896  Precision @ 1: 0.8910
Test Data Eval:
  Num examples: 9984  Num correct: 9427  Precision @ 1: 0.9442
Step 52000: loss = 0.22 (0.001 sec)
Training Data Eval:
  Num examples: 199936  Num correct: 181503  Precision @ 1: 0.9078
Validation Data Eval:
  Num examples: 9984  Num correct: 8892  Precision @ 1: 0.8906
Test Data Eval:
  Num examples: 9984  Num correct: 9429  Precision @ 1: 0.9444
Step 53000: loss = 0.32 (0.001 sec)
Training Data Eval:
  Num examples: 199936  Num correct: 181702  Precision @ 1: 0.9088
Validation Data Eval:
  Num examples: 9984  Num correct: 8896  Precision @ 1: 0.8910
Test Data Eval:
  Num examples: 9984  Num correct: 9416  Precision @ 1: 0.9431
Step 54000: loss = 0.33 (0.001 sec)
Training Data Eval:
  Num examples: 199936  Num correct: 181755  Precision @ 1: 0.9091
Validation Data Eval:
  Num examples: 9984  Num correct: 8916  Precision @ 1: 0.8930
Test Data Eval:
  Num examples: 9984  Num correct: 9438  Precision @ 1: 0.9453
Step 55000: loss = 0.27 (0.001 sec)
Training Data Eval:
  Num examples: 199936  Num correct: 181892  Precision @ 1: 0.9098
Validation Data Eval:
  Num examples: 9984  Num correct: 8890  Precision @ 1: 0.8904
Test Data Eval:
  Num examples: 9984  Num correct: 9436  Precision @ 1: 0.9451
Step 56000: loss = 0.38 (0.001 sec)
Training Data Eval:
  Num examples: 199936  Num correct: 181869  Precision @ 1: 0.9096
Validation Data Eval:
  Num examples: 9984  Num correct: 8893  Precision @ 1: 0.8907
Test Data Eval:
  Num examples: 9984  Num correct: 9435  Precision @ 1: 0.9450
Step 57000: loss = 0.40 (0.001 sec)
Training Data Eval:
  Num examples: 199936  Num correct: 182127  Precision @ 1: 0.9109
Validation Data Eval:
  Num examples: 9984  Num correct: 8903  Precision @ 1: 0.8917
Test Data Eval:
  Num examples: 9984  Num correct: 9440  Precision @ 1: 0.9455
Step 58000: loss = 0.36 (0.002 sec)
Training Data Eval:
  Num examples: 199936  Num correct: 182226  Precision @ 1: 0.9114
Validation Data Eval:
  Num examples: 9984  Num correct: 8917  Precision @ 1: 0.8931
Test Data Eval:
  Num examples: 9984  Num correct: 9423  Precision @ 1: 0.9438
Step 59000: loss = 0.31 (0.001 sec)
Training Data Eval:
  Num examples: 199936  Num correct: 182366  Precision @ 1: 0.9121
Validation Data Eval:
  Num examples: 9984  Num correct: 8905  Precision @ 1: 0.8919
Test Data Eval:
  Num examples: 9984  Num correct: 9434  Precision @ 1: 0.9449
Step 60000: loss = 0.41 (0.002 sec)
Training Data Eval:
  Num examples: 199936  Num correct: 182291  Precision @ 1: 0.9117
Validation Data Eval:
  Num examples: 9984  Num correct: 8921  Precision @ 1: 0.8935
Test Data Eval:
  Num examples: 9984  Num correct: 9419  Precision @ 1: 0.9434
Step 61000: loss = 0.34 (0.001 sec)
Training Data Eval:
  Num examples: 199936  Num correct: 182467  Precision @ 1: 0.9126
Validation Data Eval:
  Num examples: 9984  Num correct: 8930  Precision @ 1: 0.8944
Test Data Eval:
  Num examples: 9984  Num correct: 9435  Precision @ 1: 0.9450
Step 62000: loss = 0.20 (0.002 sec)
Training Data Eval:
  Num examples: 199936  Num correct: 182610  Precision @ 1: 0.9133
Validation Data Eval:
  Num examples: 9984  Num correct: 8924  Precision @ 1: 0.8938
Test Data Eval:
  Num examples: 9984  Num correct: 9432  Precision @ 1: 0.9447
Step 63000: loss = 0.51 (0.002 sec)
Training Data Eval:
  Num examples: 199936  Num correct: 182590  Precision @ 1: 0.9132
Validation Data Eval:
  Num examples: 9984  Num correct: 8913  Precision @ 1: 0.8927
Test Data Eval:
  Num examples: 9984  Num correct: 9427  Precision @ 1: 0.9442
Step 64000: loss = 0.22 (0.001 sec)
Training Data Eval:
  Num examples: 199936  Num correct: 182537  Precision @ 1: 0.9130
Validation Data Eval:
  Num examples: 9984  Num correct: 8917  Precision @ 1: 0.8931
Test Data Eval:
  Num examples: 9984  Num correct: 9437  Precision @ 1: 0.9452
Step 65000: loss = 0.25 (0.001 sec)
Training Data Eval:
  Num examples: 199936  Num correct: 182861  Precision @ 1: 0.9146
Validation Data Eval:
  Num examples: 9984  Num correct: 8919  Precision @ 1: 0.8933
Test Data Eval:
  Num examples: 9984  Num correct: 9447  Precision @ 1: 0.9462
Step 66000: loss = 0.38 (0.002 sec)
Training Data Eval:
  Num examples: 199936  Num correct: 182889  Precision @ 1: 0.9147
Validation Data Eval:
  Num examples: 9984  Num correct: 8921  Precision @ 1: 0.8935
Test Data Eval:
  Num examples: 9984  Num correct: 9440  Precision @ 1: 0.9455
Step 67000: loss = 0.29 (0.001 sec)
Training Data Eval:
  Num examples: 199936  Num correct: 183098  Precision @ 1: 0.9158
Validation Data Eval:
  Num examples: 9984  Num correct: 8923  Precision @ 1: 0.8937
Test Data Eval:
  Num examples: 9984  Num correct: 9448  Precision @ 1: 0.9463
Step 68000: loss = 0.28 (0.002 sec)
Training Data Eval:
  Num examples: 199936  Num correct: 183139  Precision @ 1: 0.9160
Validation Data Eval:
  Num examples: 9984  Num correct: 8930  Precision @ 1: 0.8944
Test Data Eval:
  Num examples: 9984  Num correct: 9460  Precision @ 1: 0.9475
Step 69000: loss = 0.33 (0.001 sec)
Training Data Eval:
  Num examples: 199936  Num correct: 183044  Precision @ 1: 0.9155
Validation Data Eval:
  Num examples: 9984  Num correct: 8921  Precision @ 1: 0.8935
Test Data Eval:
  Num examples: 9984  Num correct: 9440  Precision @ 1: 0.9455
Step 70000: loss = 0.37 (0.001 sec)
Training Data Eval:
  Num examples: 199936  Num correct: 183282  Precision @ 1: 0.9167
Validation Data Eval:
  Num examples: 9984  Num correct: 8939  Precision @ 1: 0.8953
Test Data Eval:
  Num examples: 9984  Num correct: 9451  Precision @ 1: 0.9466
Step 71000: loss = 0.19 (0.001 sec)
Training Data Eval:
  Num examples: 199936  Num correct: 183349  Precision @ 1: 0.9170
Validation Data Eval:
  Num examples: 9984  Num correct: 8929  Precision @ 1: 0.8943
Test Data Eval:
  Num examples: 9984  Num correct: 9447  Precision @ 1: 0.9462
Step 72000: loss = 0.29 (0.001 sec)
Training Data Eval:
  Num examples: 199936  Num correct: 183493  Precision @ 1: 0.9178
Validation Data Eval:
  Num examples: 9984  Num correct: 8936  Precision @ 1: 0.8950
Test Data Eval:
  Num examples: 9984  Num correct: 9443  Precision @ 1: 0.9458
Step 73000: loss = 0.38 (0.001 sec)
Training Data Eval:
  Num examples: 199936  Num correct: 183457  Precision @ 1: 0.9176
Validation Data Eval:
  Num examples: 9984  Num correct: 8929  Precision @ 1: 0.8943
Test Data Eval:
  Num examples: 9984  Num correct: 9456  Precision @ 1: 0.9471
Step 74000: loss = 0.25 (0.001 sec)
Training Data Eval:
  Num examples: 199936  Num correct: 183653  Precision @ 1: 0.9186
Validation Data Eval:
  Num examples: 9984  Num correct: 8936  Precision @ 1: 0.8950
Test Data Eval:
  Num examples: 9984  Num correct: 9457  Precision @ 1: 0.9472
Step 75000: loss = 0.19 (0.002 sec)
Training Data Eval:
  Num examples: 199936  Num correct: 183741  Precision @ 1: 0.9190
Validation Data Eval:
  Num examples: 9984  Num correct: 8955  Precision @ 1: 0.8969
Test Data Eval:
  Num examples: 9984  Num correct: 9463  Precision @ 1: 0.9478
Step 76000: loss = 0.26 (0.001 sec)
Training Data Eval:
  Num examples: 199936  Num correct: 183773  Precision @ 1: 0.9192
Validation Data Eval:
  Num examples: 9984  Num correct: 8942  Precision @ 1: 0.8956
Test Data Eval:
  Num examples: 9984  Num correct: 9455  Precision @ 1: 0.9470
Step 77000: loss = 0.14 (0.001 sec)
Training Data Eval:
  Num examples: 199936  Num correct: 183871  Precision @ 1: 0.9196
Validation Data Eval:
  Num examples: 9984  Num correct: 8946  Precision @ 1: 0.8960
Test Data Eval:
  Num examples: 9984  Num correct: 9471  Precision @ 1: 0.9486
Step 78000: loss = 0.48 (0.001 sec)
Training Data Eval:
  Num examples: 199936  Num correct: 183908  Precision @ 1: 0.9198
Validation Data Eval:
  Num examples: 9984  Num correct: 8949  Precision @ 1: 0.8963
Test Data Eval:
  Num examples: 9984  Num correct: 9462  Precision @ 1: 0.9477
Step 79000: loss = 0.25 (0.001 sec)
Training Data Eval:
  Num examples: 199936  Num correct: 184040  Precision @ 1: 0.9205
Validation Data Eval:
  Num examples: 9984  Num correct: 8938  Precision @ 1: 0.8952
Test Data Eval:
  Num examples: 9984  Num correct: 9469  Precision @ 1: 0.9484
Step 80000: loss = 0.37 (0.001 sec)
Training Data Eval:
  Num examples: 199936  Num correct: 184172  Precision @ 1: 0.9212
Validation Data Eval:
  Num examples: 9984  Num correct: 8941  Precision @ 1: 0.8955
Test Data Eval:
  Num examples: 9984  Num correct: 9467  Precision @ 1: 0.9482
Step 81000: loss = 0.22 (0.001 sec)
Training Data Eval:
  Num examples: 199936  Num correct: 184243  Precision @ 1: 0.9215
Validation Data Eval:
  Num examples: 9984  Num correct: 8961  Precision @ 1: 0.8975
Test Data Eval:
  Num examples: 9984  Num correct: 9471  Precision @ 1: 0.9486
Step 82000: loss = 0.35 (0.001 sec)
Training Data Eval:
  Num examples: 199936  Num correct: 184210  Precision @ 1: 0.9213
Validation Data Eval:
  Num examples: 9984  Num correct: 8944  Precision @ 1: 0.8958
Test Data Eval:
  Num examples: 9984  Num correct: 9468  Precision @ 1: 0.9483
Step 83000: loss = 0.22 (0.001 sec)
Training Data Eval:
  Num examples: 199936  Num correct: 184274  Precision @ 1: 0.9217
Validation Data Eval:
  Num examples: 9984  Num correct: 8927  Precision @ 1: 0.8941
Test Data Eval:
  Num examples: 9984  Num correct: 9473  Precision @ 1: 0.9488
Step 84000: loss = 0.27 (0.001 sec)
Training Data Eval:
  Num examples: 199936  Num correct: 184389  Precision @ 1: 0.9222
Validation Data Eval:
  Num examples: 9984  Num correct: 8941  Precision @ 1: 0.8955
Test Data Eval:
  Num examples: 9984  Num correct: 9480  Precision @ 1: 0.9495
Step 85000: loss = 0.24 (0.001 sec)
Training Data Eval:
  Num examples: 199936  Num correct: 184609  Precision @ 1: 0.9233
Validation Data Eval:
  Num examples: 9984  Num correct: 8953  Precision @ 1: 0.8967
Test Data Eval:
  Num examples: 9984  Num correct: 9479  Precision @ 1: 0.9494
Step 86000: loss = 0.33 (0.001 sec)
Training Data Eval:
  Num examples: 199936  Num correct: 184641  Precision @ 1: 0.9235
Validation Data Eval:
  Num examples: 9984  Num correct: 8947  Precision @ 1: 0.8961
Test Data Eval:
  Num examples: 9984  Num correct: 9469  Precision @ 1: 0.9484
Step 87000: loss = 0.26 (0.001 sec)
Training Data Eval:
  Num examples: 199936  Num correct: 184726  Precision @ 1: 0.9239
Validation Data Eval:
  Num examples: 9984  Num correct: 8946  Precision @ 1: 0.8960
Test Data Eval:
  Num examples: 9984  Num correct: 9485  Precision @ 1: 0.9500
Step 88000: loss = 0.27 (0.001 sec)
Training Data Eval:
  Num examples: 199936  Num correct: 184588  Precision @ 1: 0.9232
Validation Data Eval:
  Num examples: 9984  Num correct: 8946  Precision @ 1: 0.8960
Test Data Eval:
  Num examples: 9984  Num correct: 9461  Precision @ 1: 0.9476
Step 89000: loss = 0.44 (0.001 sec)
Training Data Eval:
  Num examples: 199936  Num correct: 184745  Precision @ 1: 0.9240
Validation Data Eval:
  Num examples: 9984  Num correct: 8957  Precision @ 1: 0.8971
Test Data Eval:
  Num examples: 9984  Num correct: 9471  Precision @ 1: 0.9486
Step 90000: loss = 0.35 (0.001 sec)
Training Data Eval:
  Num examples: 199936  Num correct: 184834  Precision @ 1: 0.9245
Validation Data Eval:
  Num examples: 9984  Num correct: 8958  Precision @ 1: 0.8972
Test Data Eval:
  Num examples: 9984  Num correct: 9476  Precision @ 1: 0.9491
Step 91000: loss = 0.15 (0.001 sec)
Training Data Eval:
  Num examples: 199936  Num correct: 184826  Precision @ 1: 0.9244
Validation Data Eval:
  Num examples: 9984  Num correct: 8958  Precision @ 1: 0.8972
Test Data Eval:
  Num examples: 9984  Num correct: 9472  Precision @ 1: 0.9487
Step 92000: loss = 0.20 (0.001 sec)
Training Data Eval:
  Num examples: 199936  Num correct: 184956  Precision @ 1: 0.9251
Validation Data Eval:
  Num examples: 9984  Num correct: 8948  Precision @ 1: 0.8962
Test Data Eval:
  Num examples: 9984  Num correct: 9488  Precision @ 1: 0.9503
Step 93000: loss = 0.22 (0.001 sec)
Training Data Eval:
  Num examples: 199936  Num correct: 185107  Precision @ 1: 0.9258
Validation Data Eval:
  Num examples: 9984  Num correct: 8959  Precision @ 1: 0.8973
Test Data Eval:
  Num examples: 9984  Num correct: 9483  Precision @ 1: 0.9498
Step 94000: loss = 0.27 (0.001 sec)
Training Data Eval:
  Num examples: 199936  Num correct: 185128  Precision @ 1: 0.9259
Validation Data Eval:
  Num examples: 9984  Num correct: 8959  Precision @ 1: 0.8973
Test Data Eval:
  Num examples: 9984  Num correct: 9473  Precision @ 1: 0.9488
Step 95000: loss = 0.23 (0.001 sec)
Training Data Eval:
  Num examples: 199936  Num correct: 185308  Precision @ 1: 0.9268
Validation Data Eval:
  Num examples: 9984  Num correct: 8953  Precision @ 1: 0.8967
Test Data Eval:
  Num examples: 9984  Num correct: 9472  Precision @ 1: 0.9487
Step 96000: loss = 0.25 (0.001 sec)
Training Data Eval:
  Num examples: 199936  Num correct: 185283  Precision @ 1: 0.9267
Validation Data Eval:
  Num examples: 9984  Num correct: 8969  Precision @ 1: 0.8983
Test Data Eval:
  Num examples: 9984  Num correct: 9479  Precision @ 1: 0.9494
Step 97000: loss = 0.27 (0.001 sec)
Training Data Eval:
  Num examples: 199936  Num correct: 185225  Precision @ 1: 0.9264
Validation Data Eval:
  Num examples: 9984  Num correct: 8964  Precision @ 1: 0.8978
Test Data Eval:
  Num examples: 9984  Num correct: 9471  Precision @ 1: 0.9486
Step 98000: loss = 0.21 (0.002 sec)
Training Data Eval:
  Num examples: 199936  Num correct: 185301  Precision @ 1: 0.9268
Validation Data Eval:
  Num examples: 9984  Num correct: 8943  Precision @ 1: 0.8957
Test Data Eval:
  Num examples: 9984  Num correct: 9465  Precision @ 1: 0.9480
Step 99000: loss = 0.29 (0.001 sec)
Training Data Eval:
  Num examples: 199936  Num correct: 185466  Precision @ 1: 0.9276
Validation Data Eval:
  Num examples: 9984  Num correct: 8959  Precision @ 1: 0.8973
Test Data Eval:
  Num examples: 9984  Num correct: 9481  Precision @ 1: 0.9496
Step 100000: loss = 0.19 (0.001 sec)
Training Data Eval:
  Num examples: 199936  Num correct: 185473  Precision @ 1: 0.9277
Validation Data Eval:
  Num examples: 9984  Num correct: 8945  Precision @ 1: 0.8959
Test Data Eval:
  Num examples: 9984  Num correct: 9481  Precision @ 1: 0.9496
Step 101000: loss = 0.30 (0.001 sec)
Training Data Eval:
  Num examples: 199936  Num correct: 185462  Precision @ 1: 0.9276
Validation Data Eval:
  Num examples: 9984  Num correct: 8945  Precision @ 1: 0.8959
Test Data Eval:
  Num examples: 9984  Num correct: 9478  Precision @ 1: 0.9493
Step 102000: loss = 0.25 (0.001 sec)
Training Data Eval:
  Num examples: 199936  Num correct: 185557  Precision @ 1: 0.9281
Validation Data Eval:
  Num examples: 9984  Num correct: 8954  Precision @ 1: 0.8968
Test Data Eval:
  Num examples: 9984  Num correct: 9470  Precision @ 1: 0.9485
Step 103000: loss = 0.32 (0.001 sec)
Training Data Eval:
  Num examples: 199936  Num correct: 185770  Precision @ 1: 0.9291
Validation Data Eval:
  Num examples: 9984  Num correct: 8977  Precision @ 1: 0.8991
Test Data Eval:
  Num examples: 9984  Num correct: 9469  Precision @ 1: 0.9484
Step 104000: loss = 0.27 (0.001 sec)
Training Data Eval:
  Num examples: 199936  Num correct: 185710  Precision @ 1: 0.9288
Validation Data Eval:
  Num examples: 9984  Num correct: 8966  Precision @ 1: 0.8980
Test Data Eval:
  Num examples: 9984  Num correct: 9481  Precision @ 1: 0.9496
Step 105000: loss = 0.35 (0.001 sec)
Training Data Eval:
  Num examples: 199936  Num correct: 185873  Precision @ 1: 0.9297
Validation Data Eval:
  Num examples: 9984  Num correct: 8964  Precision @ 1: 0.8978
Test Data Eval:
  Num examples: 9984  Num correct: 9471  Precision @ 1: 0.9486
Step 106000: loss = 0.14 (0.002 sec)
Training Data Eval:
  Num examples: 199936  Num correct: 185973  Precision @ 1: 0.9302
Validation Data Eval:
  Num examples: 9984  Num correct: 8964  Precision @ 1: 0.8978
Test Data Eval:
  Num examples: 9984  Num correct: 9471  Precision @ 1: 0.9486
Step 107000: loss = 0.18 (0.002 sec)
Training Data Eval:
  Num examples: 199936  Num correct: 186086  Precision @ 1: 0.9307
Validation Data Eval:
  Num examples: 9984  Num correct: 8976  Precision @ 1: 0.8990
Test Data Eval:
  Num examples: 9984  Num correct: 9486  Precision @ 1: 0.9501
Step 108000: loss = 0.15 (0.003 sec)
Training Data Eval:
  Num examples: 199936  Num correct: 185998  Precision @ 1: 0.9303
Validation Data Eval:
  Num examples: 9984  Num correct: 8965  Precision @ 1: 0.8979
Test Data Eval:
  Num examples: 9984  Num correct: 9480  Precision @ 1: 0.9495
Step 109000: loss = 0.23 (0.001 sec)
Training Data Eval:
  Num examples: 199936  Num correct: 186012  Precision @ 1: 0.9304
Validation Data Eval:
  Num examples: 9984  Num correct: 8965  Precision @ 1: 0.8979
Test Data Eval:
  Num examples: 9984  Num correct: 9481  Precision @ 1: 0.9496
Step 110000: loss = 0.25 (0.002 sec)
Training Data Eval:
  Num examples: 199936  Num correct: 186160  Precision @ 1: 0.9311
Validation Data Eval:
  Num examples: 9984  Num correct: 8959  Precision @ 1: 0.8973
Test Data Eval:
  Num examples: 9984  Num correct: 9478  Precision @ 1: 0.9493
Step 111000: loss = 0.21 (0.001 sec)
Training Data Eval:
  Num examples: 199936  Num correct: 186196  Precision @ 1: 0.9313
Validation Data Eval:
  Num examples: 9984  Num correct: 8973  Precision @ 1: 0.8987
Test Data Eval:
  Num examples: 9984  Num correct: 9469  Precision @ 1: 0.9484
Step 112000: loss = 0.25 (0.001 sec)
Training Data Eval:
  Num examples: 199936  Num correct: 186367  Precision @ 1: 0.9321
Validation Data Eval:
  Num examples: 9984  Num correct: 8964  Precision @ 1: 0.8978
Test Data Eval:
  Num examples: 9984  Num correct: 9484  Precision @ 1: 0.9499
Step 113000: loss = 0.24 (0.001 sec)
Training Data Eval:
  Num examples: 199936  Num correct: 186292  Precision @ 1: 0.9318
Validation Data Eval:
  Num examples: 9984  Num correct: 8960  Precision @ 1: 0.8974
Test Data Eval:
  Num examples: 9984  Num correct: 9483  Precision @ 1: 0.9498
Step 114000: loss = 0.16 (0.001 sec)
Training Data Eval:
  Num examples: 199936  Num correct: 186359  Precision @ 1: 0.9321
Validation Data Eval:
  Num examples: 9984  Num correct: 8959  Precision @ 1: 0.8973
Test Data Eval:
  Num examples: 9984  Num correct: 9470  Precision @ 1: 0.9485
Step 115000: loss = 0.18 (0.001 sec)
Training Data Eval:
  Num examples: 199936  Num correct: 186336  Precision @ 1: 0.9320
Validation Data Eval:
  Num examples: 9984  Num correct: 8974  Precision @ 1: 0.8988
Test Data Eval:
  Num examples: 9984  Num correct: 9481  Precision @ 1: 0.9496
Step 116000: loss = 0.15 (0.001 sec)
Training Data Eval:
  Num examples: 199936  Num correct: 186476  Precision @ 1: 0.9327
Validation Data Eval:
  Num examples: 9984  Num correct: 8960  Precision @ 1: 0.8974
Test Data Eval:
  Num examples: 9984  Num correct: 9473  Precision @ 1: 0.9488
Step 117000: loss = 0.22 (0.003 sec)
Training Data Eval:
  Num examples: 199936  Num correct: 186607  Precision @ 1: 0.9333
Validation Data Eval:
  Num examples: 9984  Num correct: 8968  Precision @ 1: 0.8982
Test Data Eval:
  Num examples: 9984  Num correct: 9480  Precision @ 1: 0.9495
Step 118000: loss = 0.22 (0.001 sec)
Training Data Eval:
  Num examples: 199936  Num correct: 186583  Precision @ 1: 0.9332
Validation Data Eval:
  Num examples: 9984  Num correct: 8967  Precision @ 1: 0.8981
Test Data Eval:
  Num examples: 9984  Num correct: 9477  Precision @ 1: 0.9492
Step 119000: loss = 0.21 (0.001 sec)
Training Data Eval:
  Num examples: 199936  Num correct: 186744  Precision @ 1: 0.9340
Validation Data Eval:
  Num examples: 9984  Num correct: 8965  Precision @ 1: 0.8979
Test Data Eval:
  Num examples: 9984  Num correct: 9476  Precision @ 1: 0.9491
Step 120000: loss = 0.23 (0.001 sec)
Training Data Eval:
  Num examples: 199936  Num correct: 186637  Precision @ 1: 0.9335
Validation Data Eval:
  Num examples: 9984  Num correct: 8965  Precision @ 1: 0.8979
Test Data Eval:
  Num examples: 9984  Num correct: 9471  Precision @ 1: 0.9486
Step 121000: loss = 0.17 (0.001 sec)
Training Data Eval:
  Num examples: 199936  Num correct: 186733  Precision @ 1: 0.9340
Validation Data Eval:
  Num examples: 9984  Num correct: 8965  Precision @ 1: 0.8979
Test Data Eval:
  Num examples: 9984  Num correct: 9473  Precision @ 1: 0.9488
Step 122000: loss = 0.25 (0.001 sec)
Training Data Eval:
  Num examples: 199936  Num correct: 186806  Precision @ 1: 0.9343
Validation Data Eval:
  Num examples: 9984  Num correct: 8965  Precision @ 1: 0.8979
Test Data Eval:
  Num examples: 9984  Num correct: 9479  Precision @ 1: 0.9494
Step 123000: loss = 0.15 (0.002 sec)
Training Data Eval:
  Num examples: 199936  Num correct: 186939  Precision @ 1: 0.9350
Validation Data Eval:
  Num examples: 9984  Num correct: 8977  Precision @ 1: 0.8991
Test Data Eval:
  Num examples: 9984  Num correct: 9481  Precision @ 1: 0.9496
Step 124000: loss = 0.14 (0.001 sec)
Training Data Eval:
  Num examples: 199936  Num correct: 186961  Precision @ 1: 0.9351
Validation Data Eval:
  Num examples: 9984  Num correct: 8972  Precision @ 1: 0.8986
Test Data Eval:
  Num examples: 9984  Num correct: 9478  Precision @ 1: 0.9493
Step 125000: loss = 0.23 (0.001 sec)
Training Data Eval:
  Num examples: 199936  Num correct: 187062  Precision @ 1: 0.9356
Validation Data Eval:
  Num examples: 9984  Num correct: 8977  Precision @ 1: 0.8991
Test Data Eval:
  Num examples: 9984  Num correct: 9473  Precision @ 1: 0.9488
Step 126000: loss = 0.22 (0.001 sec)
Training Data Eval:
  Num examples: 199936  Num correct: 186937  Precision @ 1: 0.9350
Validation Data Eval:
  Num examples: 9984  Num correct: 8979  Precision @ 1: 0.8993
Test Data Eval:
  Num examples: 9984  Num correct: 9463  Precision @ 1: 0.9478
Step 127000: loss = 0.20 (0.001 sec)
Training Data Eval:
  Num examples: 199936  Num correct: 187156  Precision @ 1: 0.9361
Validation Data Eval:
  Num examples: 9984  Num correct: 8964  Precision @ 1: 0.8978
Test Data Eval:
  Num examples: 9984  Num correct: 9478  Precision @ 1: 0.9493
Step 128000: loss = 0.15 (0.001 sec)
Training Data Eval:
  Num examples: 199936  Num correct: 186999  Precision @ 1: 0.9353
Validation Data Eval:
  Num examples: 9984  Num correct: 8958  Precision @ 1: 0.8972
Test Data Eval:
  Num examples: 9984  Num correct: 9478  Precision @ 1: 0.9493
Step 129000: loss = 0.22 (0.001 sec)
Training Data Eval:
  Num examples: 199936  Num correct: 187150  Precision @ 1: 0.9360
Validation Data Eval:
  Num examples: 9984  Num correct: 8958  Precision @ 1: 0.8972
Test Data Eval:
  Num examples: 9984  Num correct: 9473  Precision @ 1: 0.9488
Step 130000: loss = 0.34 (0.001 sec)
Training Data Eval:
  Num examples: 199936  Num correct: 187073  Precision @ 1: 0.9357
Validation Data Eval:
  Num examples: 9984  Num correct: 8927  Precision @ 1: 0.8941
Test Data Eval:
  Num examples: 9984  Num correct: 9472  Precision @ 1: 0.9487
Step 131000: loss = 0.19 (0.001 sec)
Training Data Eval:
  Num examples: 199936  Num correct: 187358  Precision @ 1: 0.9371
Validation Data Eval:
  Num examples: 9984  Num correct: 8960  Precision @ 1: 0.8974
Test Data Eval:
  Num examples: 9984  Num correct: 9466  Precision @ 1: 0.9481
Step 132000: loss = 0.14 (0.002 sec)
Training Data Eval:
  Num examples: 199936  Num correct: 187422  Precision @ 1: 0.9374
Validation Data Eval:
  Num examples: 9984  Num correct: 8959  Precision @ 1: 0.8973
Test Data Eval:
  Num examples: 9984  Num correct: 9484  Precision @ 1: 0.9499
Step 133000: loss = 0.22 (0.002 sec)
Training Data Eval:
  Num examples: 199936  Num correct: 187384  Precision @ 1: 0.9372
Validation Data Eval:
  Num examples: 9984  Num correct: 8967  Precision @ 1: 0.8981
Test Data Eval:
  Num examples: 9984  Num correct: 9462  Precision @ 1: 0.9477
Step 134000: loss = 0.09 (0.001 sec)
Training Data Eval:
  Num examples: 199936  Num correct: 187214  Precision @ 1: 0.9364
Validation Data Eval:
  Num examples: 9984  Num correct: 8935  Precision @ 1: 0.8949
Test Data Eval:
  Num examples: 9984  Num correct: 9482  Precision @ 1: 0.9497
Step 135000: loss = 0.21 (0.001 sec)
Training Data Eval:
  Num examples: 199936  Num correct: 187321  Precision @ 1: 0.9369
Validation Data Eval:
  Num examples: 9984  Num correct: 8922  Precision @ 1: 0.8936
Test Data Eval:
  Num examples: 9984  Num correct: 9467  Precision @ 1: 0.9482
Step 136000: loss = 0.22 (0.001 sec)
Training Data Eval:
  Num examples: 199936  Num correct: 187627  Precision @ 1: 0.9384
Validation Data Eval:
  Num examples: 9984  Num correct: 8942  Precision @ 1: 0.8956
Test Data Eval:
  Num examples: 9984  Num correct: 9469  Precision @ 1: 0.9484
Step 137000: loss = 0.28 (0.001 sec)
Training Data Eval:
  Num examples: 199936  Num correct: 187561  Precision @ 1: 0.9381
Validation Data Eval:
  Num examples: 9984  Num correct: 8958  Precision @ 1: 0.8972
Test Data Eval:
  Num examples: 9984  Num correct: 9474  Precision @ 1: 0.9489
Step 138000: loss = 0.17 (0.001 sec)
Training Data Eval:
  Num examples: 199936  Num correct: 187269  Precision @ 1: 0.9366
Validation Data Eval:
  Num examples: 9984  Num correct: 8963  Precision @ 1: 0.8977
Test Data Eval:
  Num examples: 9984  Num correct: 9479  Precision @ 1: 0.9494
Step 139000: loss = 0.22 (0.002 sec)
Training Data Eval:
  Num examples: 199936  Num correct: 187364  Precision @ 1: 0.9371
Validation Data Eval:
  Num examples: 9984  Num correct: 8946  Precision @ 1: 0.8960
Test Data Eval:
  Num examples: 9984  Num correct: 9484  Precision @ 1: 0.9499
Step 140000: loss = 0.25 (0.001 sec)
Training Data Eval:
  Num examples: 199936  Num correct: 187749  Precision @ 1: 0.9390
Validation Data Eval:
  Num examples: 9984  Num correct: 8970  Precision @ 1: 0.8984
Test Data Eval:
  Num examples: 9984  Num correct: 9491  Precision @ 1: 0.9506
Step 141000: loss = 0.36 (0.001 sec)
Training Data Eval:
  Num examples: 199936  Num correct: 187744  Precision @ 1: 0.9390
Validation Data Eval:
  Num examples: 9984  Num correct: 8969  Precision @ 1: 0.8983
Test Data Eval:
  Num examples: 9984  Num correct: 9484  Precision @ 1: 0.9499
Step 142000: loss = 0.21 (0.001 sec)
Training Data Eval:
  Num examples: 199936  Num correct: 187844  Precision @ 1: 0.9395
Validation Data Eval:
  Num examples: 9984  Num correct: 8980  Precision @ 1: 0.8994
Test Data Eval:
  Num examples: 9984  Num correct: 9483  Precision @ 1: 0.9498
Step 143000: loss = 0.11 (0.001 sec)
Training Data Eval:
  Num examples: 199936  Num correct: 187922  Precision @ 1: 0.9399
Validation Data Eval:
  Num examples: 9984  Num correct: 8966  Precision @ 1: 0.8980
Test Data Eval:
  Num examples: 9984  Num correct: 9483  Precision @ 1: 0.9498
Step 144000: loss = 0.13 (0.001 sec)
Training Data Eval:
  Num examples: 199936  Num correct: 187905  Precision @ 1: 0.9398
Validation Data Eval:
  Num examples: 9984  Num correct: 8960  Precision @ 1: 0.8974
Test Data Eval:
  Num examples: 9984  Num correct: 9486  Precision @ 1: 0.9501
Step 145000: loss = 0.29 (0.001 sec)
Training Data Eval:
  Num examples: 199936  Num correct: 187765  Precision @ 1: 0.9391
Validation Data Eval:
  Num examples: 9984  Num correct: 8969  Precision @ 1: 0.8983
Test Data Eval:
  Num examples: 9984  Num correct: 9471  Precision @ 1: 0.9486
Step 146000: loss = 0.20 (0.001 sec)
Training Data Eval:
  Num examples: 199936  Num correct: 188146  Precision @ 1: 0.9410
Validation Data Eval:
  Num examples: 9984  Num correct: 8977  Precision @ 1: 0.8991
Test Data Eval:
  Num examples: 9984  Num correct: 9463  Precision @ 1: 0.9478
Step 147000: loss = 0.29 (0.003 sec)
Training Data Eval:
  Num examples: 199936  Num correct: 188284  Precision @ 1: 0.9417
Validation Data Eval:
  Num examples: 9984  Num correct: 8978  Precision @ 1: 0.8992
Test Data Eval:
  Num examples: 9984  Num correct: 9478  Precision @ 1: 0.9493
Step 148000: loss = 0.27 (0.002 sec)
Training Data Eval:
  Num examples: 199936  Num correct: 188125  Precision @ 1: 0.9409
Validation Data Eval:
  Num examples: 9984  Num correct: 8965  Precision @ 1: 0.8979
Test Data Eval:
  Num examples: 9984  Num correct: 9467  Precision @ 1: 0.9482
Step 149000: loss = 0.18 (0.002 sec)
Training Data Eval:
  Num examples: 199936  Num correct: 188296  Precision @ 1: 0.9418
Validation Data Eval:
  Num examples: 9984  Num correct: 8980  Precision @ 1: 0.8994
Test Data Eval:
  Num examples: 9984  Num correct: 9473  Precision @ 1: 0.9488
Step 150000: loss = 0.13 (0.001 sec)
Training Data Eval:
  Num examples: 199936  Num correct: 188063  Precision @ 1: 0.9406
Validation Data Eval:
  Num examples: 9984  Num correct: 8972  Precision @ 1: 0.8986
Test Data Eval:
  Num examples: 9984  Num correct: 9478  Precision @ 1: 0.9493
Step 151000: loss = 0.36 (0.001 sec)
Training Data Eval:
  Num examples: 199936  Num correct: 188393  Precision @ 1: 0.9423
Validation Data Eval:
  Num examples: 9984  Num correct: 8964  Precision @ 1: 0.8978
Test Data Eval:
  Num examples: 9984  Num correct: 9469  Precision @ 1: 0.9484
Step 152000: loss = 0.12 (0.001 sec)
Training Data Eval:
  Num examples: 199936  Num correct: 187987  Precision @ 1: 0.9402
Validation Data Eval:
  Num examples: 9984  Num correct: 8953  Precision @ 1: 0.8967
Test Data Eval:
  Num examples: 9984  Num correct: 9476  Precision @ 1: 0.9491
Step 153000: loss = 0.19 (0.002 sec)
Training Data Eval:
  Num examples: 199936  Num correct: 188575  Precision @ 1: 0.9432
Validation Data Eval:
  Num examples: 9984  Num correct: 8973  Precision @ 1: 0.8987
Test Data Eval:
  Num examples: 9984  Num correct: 9471  Precision @ 1: 0.9486
Step 154000: loss = 0.12 (0.001 sec)
Training Data Eval:
  Num examples: 199936  Num correct: 188507  Precision @ 1: 0.9428
Validation Data Eval:
  Num examples: 9984  Num correct: 8957  Precision @ 1: 0.8971
Test Data Eval:
  Num examples: 9984  Num correct: 9462  Precision @ 1: 0.9477
Step 155000: loss = 0.14 (0.001 sec)
Training Data Eval:
  Num examples: 199936  Num correct: 188423  Precision @ 1: 0.9424
Validation Data Eval:
  Num examples: 9984  Num correct: 8951  Precision @ 1: 0.8965
Test Data Eval:
  Num examples: 9984  Num correct: 9476  Precision @ 1: 0.9491
Step 156000: loss = 0.22 (0.001 sec)
Training Data Eval:
  Num examples: 199936  Num correct: 188526  Precision @ 1: 0.9429
Validation Data Eval:
  Num examples: 9984  Num correct: 8953  Precision @ 1: 0.8967
Test Data Eval:
  Num examples: 9984  Num correct: 9474  Precision @ 1: 0.9489
Step 157000: loss = 0.10 (0.001 sec)
Training Data Eval:
  Num examples: 199936  Num correct: 188617  Precision @ 1: 0.9434
Validation Data Eval:
  Num examples: 9984  Num correct: 8975  Precision @ 1: 0.8989
Test Data Eval:
  Num examples: 9984  Num correct: 9480  Precision @ 1: 0.9495
Step 158000: loss = 0.29 (0.001 sec)
Training Data Eval:
  Num examples: 199936  Num correct: 188793  Precision @ 1: 0.9443
Validation Data Eval:
  Num examples: 9984  Num correct: 8971  Precision @ 1: 0.8985
Test Data Eval:
  Num examples: 9984  Num correct: 9461  Precision @ 1: 0.9476
Step 159000: loss = 0.30 (0.001 sec)
Training Data Eval:
  Num examples: 199936  Num correct: 188688  Precision @ 1: 0.9437
Validation Data Eval:
  Num examples: 9984  Num correct: 8968  Precision @ 1: 0.8982
Test Data Eval:
  Num examples: 9984  Num correct: 9476  Precision @ 1: 0.9491
Step 160000: loss = 0.21 (0.001 sec)
Training Data Eval:
  Num examples: 199936  Num correct: 188863  Precision @ 1: 0.9446
Validation Data Eval:
  Num examples: 9984  Num correct: 8945  Precision @ 1: 0.8959
Test Data Eval:
  Num examples: 9984  Num correct: 9461  Precision @ 1: 0.9476
Step 161000: loss = 0.16 (0.001 sec)
Training Data Eval:
  Num examples: 199936  Num correct: 188818  Precision @ 1: 0.9444
Validation Data Eval:
  Num examples: 9984  Num correct: 8977  Precision @ 1: 0.8991
Test Data Eval:
  Num examples: 9984  Num correct: 9476  Precision @ 1: 0.9491
Step 162000: loss = 0.21 (0.001 sec)
Training Data Eval:
  Num examples: 199936  Num correct: 188792  Precision @ 1: 0.9443
Validation Data Eval:
  Num examples: 9984  Num correct: 8954  Precision @ 1: 0.8968
Test Data Eval:
  Num examples: 9984  Num correct: 9465  Precision @ 1: 0.9480
Step 163000: loss = 0.19 (0.001 sec)
Training Data Eval:
  Num examples: 199936  Num correct: 188908  Precision @ 1: 0.9448
Validation Data Eval:
  Num examples: 9984  Num correct: 8962  Precision @ 1: 0.8976
Test Data Eval:
  Num examples: 9984  Num correct: 9474  Precision @ 1: 0.9489
Step 164000: loss = 0.17 (0.001 sec)
Training Data Eval:
  Num examples: 199936  Num correct: 188936  Precision @ 1: 0.9450
Validation Data Eval:
  Num examples: 9984  Num correct: 8960  Precision @ 1: 0.8974
Test Data Eval:
  Num examples: 9984  Num correct: 9481  Precision @ 1: 0.9496
Step 165000: loss = 0.30 (0.001 sec)
Training Data Eval:
  Num examples: 199936  Num correct: 188968  Precision @ 1: 0.9451
Validation Data Eval:
  Num examples: 9984  Num correct: 8962  Precision @ 1: 0.8976
Test Data Eval:
  Num examples: 9984  Num correct: 9465  Precision @ 1: 0.9480
Step 166000: loss = 0.21 (0.001 sec)
Training Data Eval:
  Num examples: 199936  Num correct: 189034  Precision @ 1: 0.9455
Validation Data Eval:
  Num examples: 9984  Num correct: 8948  Precision @ 1: 0.8962
Test Data Eval:
  Num examples: 9984  Num correct: 9470  Precision @ 1: 0.9485
Step 167000: loss = 0.14 (0.001 sec)
Training Data Eval:
  Num examples: 199936  Num correct: 189049  Precision @ 1: 0.9455
Validation Data Eval:
  Num examples: 9984  Num correct: 8955  Precision @ 1: 0.8969
Test Data Eval:
  Num examples: 9984  Num correct: 9468  Precision @ 1: 0.9483
Step 168000: loss = 0.27 (0.002 sec)
Training Data Eval:
  Num examples: 199936  Num correct: 189160  Precision @ 1: 0.9461
Validation Data Eval:
  Num examples: 9984  Num correct: 8968  Precision @ 1: 0.8982
Test Data Eval:
  Num examples: 9984  Num correct: 9438  Precision @ 1: 0.9453
Step 169000: loss = 0.21 (0.002 sec)
Training Data Eval:
  Num examples: 199936  Num correct: 189184  Precision @ 1: 0.9462
Validation Data Eval:
  Num examples: 9984  Num correct: 8973  Precision @ 1: 0.8987
Test Data Eval:
  Num examples: 9984  Num correct: 9466  Precision @ 1: 0.9481
Step 170000: loss = 0.35 (0.001 sec)
Training Data Eval:
  Num examples: 199936  Num correct: 189197  Precision @ 1: 0.9463
Validation Data Eval:
  Num examples: 9984  Num correct: 8949  Precision @ 1: 0.8963
Test Data Eval:
  Num examples: 9984  Num correct: 9467  Precision @ 1: 0.9482
Step 171000: loss = 0.23 (0.001 sec)
Training Data Eval:
  Num examples: 199936  Num correct: 189269  Precision @ 1: 0.9466
Validation Data Eval:
  Num examples: 9984  Num correct: 8971  Precision @ 1: 0.8985
Test Data Eval:
  Num examples: 9984  Num correct: 9452  Precision @ 1: 0.9467
Step 172000: loss = 0.22 (0.001 sec)
Training Data Eval:
  Num examples: 199936  Num correct: 189214  Precision @ 1: 0.9464
Validation Data Eval:
  Num examples: 9984  Num correct: 8987  Precision @ 1: 0.9001
Test Data Eval:
  Num examples: 9984  Num correct: 9472  Precision @ 1: 0.9487
Step 173000: loss = 0.16 (0.002 sec)
Training Data Eval:
  Num examples: 199936  Num correct: 189280  Precision @ 1: 0.9467
Validation Data Eval:
  Num examples: 9984  Num correct: 8966  Precision @ 1: 0.8980
Test Data Eval:
  Num examples: 9984  Num correct: 9452  Precision @ 1: 0.9467
Step 174000: loss = 0.23 (0.001 sec)
Training Data Eval:
  Num examples: 199936  Num correct: 189434  Precision @ 1: 0.9475
Validation Data Eval:
  Num examples: 9984  Num correct: 8967  Precision @ 1: 0.8981
Test Data Eval:
  Num examples: 9984  Num correct: 9466  Precision @ 1: 0.9481
Step 175000: loss = 0.18 (0.001 sec)
Training Data Eval:
  Num examples: 199936  Num correct: 189460  Precision @ 1: 0.9476
Validation Data Eval:
  Num examples: 9984  Num correct: 8962  Precision @ 1: 0.8976
Test Data Eval:
  Num examples: 9984  Num correct: 9464  Precision @ 1: 0.9479
Step 176000: loss = 0.32 (0.001 sec)
Training Data Eval:
  Num examples: 199936  Num correct: 189232  Precision @ 1: 0.9465
Validation Data Eval:
  Num examples: 9984  Num correct: 8946  Precision @ 1: 0.8960
Test Data Eval:
  Num examples: 9984  Num correct: 9467  Precision @ 1: 0.9482
Step 177000: loss = 0.32 (0.001 sec)
Training Data Eval:
  Num examples: 199936  Num correct: 189671  Precision @ 1: 0.9487
Validation Data Eval:
  Num examples: 9984  Num correct: 8959  Precision @ 1: 0.8973
Test Data Eval:
  Num examples: 9984  Num correct: 9444  Precision @ 1: 0.9459
Step 178000: loss = 0.17 (0.001 sec)
Training Data Eval:
  Num examples: 199936  Num correct: 189575  Precision @ 1: 0.9482
Validation Data Eval:
  Num examples: 9984  Num correct: 8964  Precision @ 1: 0.8978
Test Data Eval:
  Num examples: 9984  Num correct: 9458  Precision @ 1: 0.9473
Step 179000: loss = 0.22 (0.002 sec)
Training Data Eval:
  Num examples: 199936  Num correct: 189623  Precision @ 1: 0.9484
Validation Data Eval:
  Num examples: 9984  Num correct: 8967  Precision @ 1: 0.8981
Test Data Eval:
  Num examples: 9984  Num correct: 9460  Precision @ 1: 0.9475
Step 180000: loss = 0.27 (0.001 sec)
Training Data Eval:
  Num examples: 199936  Num correct: 189257  Precision @ 1: 0.9466
Validation Data Eval:
  Num examples: 9984  Num correct: 8957  Precision @ 1: 0.8971
Test Data Eval:
  Num examples: 9984  Num correct: 9467  Precision @ 1: 0.9482
Step 181000: loss = 0.21 (0.001 sec)
Training Data Eval:
  Num examples: 199936  Num correct: 189562  Precision @ 1: 0.9481
Validation Data Eval:
  Num examples: 9984  Num correct: 8950  Precision @ 1: 0.8964
Test Data Eval:
  Num examples: 9984  Num correct: 9461  Precision @ 1: 0.9476
Step 182000: loss = 0.10 (0.001 sec)
Training Data Eval:
  Num examples: 199936  Num correct: 189762  Precision @ 1: 0.9491
Validation Data Eval:
  Num examples: 9984  Num correct: 8952  Precision @ 1: 0.8966
Test Data Eval:
  Num examples: 9984  Num correct: 9459  Precision @ 1: 0.9474
Step 183000: loss = 0.24 (0.001 sec)
Training Data Eval:
  Num examples: 199936  Num correct: 189596  Precision @ 1: 0.9483
Validation Data Eval:
  Num examples: 9984  Num correct: 8964  Precision @ 1: 0.8978
Test Data Eval:
  Num examples: 9984  Num correct: 9458  Precision @ 1: 0.9473
Step 184000: loss = 0.18 (0.001 sec)
Training Data Eval:
  Num examples: 199936  Num correct: 189870  Precision @ 1: 0.9497
Validation Data Eval:
  Num examples: 9984  Num correct: 8959  Precision @ 1: 0.8973
Test Data Eval:
  Num examples: 9984  Num correct: 9461  Precision @ 1: 0.9476
Step 185000: loss = 0.16 (0.001 sec)
Training Data Eval:
  Num examples: 199936  Num correct: 189858  Precision @ 1: 0.9496
Validation Data Eval:
  Num examples: 9984  Num correct: 8963  Precision @ 1: 0.8977
Test Data Eval:
  Num examples: 9984  Num correct: 9470  Precision @ 1: 0.9485
Step 186000: loss = 0.14 (0.002 sec)
Training Data Eval:
  Num examples: 199936  Num correct: 189900  Precision @ 1: 0.9498
Validation Data Eval:
  Num examples: 9984  Num correct: 8963  Precision @ 1: 0.8977
Test Data Eval:
  Num examples: 9984  Num correct: 9456  Precision @ 1: 0.9471
Step 187000: loss = 0.15 (0.002 sec)
Training Data Eval:
  Num examples: 199936  Num correct: 189996  Precision @ 1: 0.9503
Validation Data Eval:
  Num examples: 9984  Num correct: 8952  Precision @ 1: 0.8966
Test Data Eval:
  Num examples: 9984  Num correct: 9449  Precision @ 1: 0.9464
Step 188000: loss = 0.16 (0.001 sec)
Training Data Eval:
  Num examples: 199936  Num correct: 190176  Precision @ 1: 0.9512
Validation Data Eval:
  Num examples: 9984  Num correct: 8947  Precision @ 1: 0.8961
Test Data Eval:
  Num examples: 9984  Num correct: 9467  Precision @ 1: 0.9482
Step 189000: loss = 0.28 (0.002 sec)
Training Data Eval:
  Num examples: 199936  Num correct: 190063  Precision @ 1: 0.9506
Validation Data Eval:
  Num examples: 9984  Num correct: 8948  Precision @ 1: 0.8962
Test Data Eval:
  Num examples: 9984  Num correct: 9467  Precision @ 1: 0.9482
Step 190000: loss = 0.11 (0.001 sec)
Training Data Eval:
  Num examples: 199936  Num correct: 189883  Precision @ 1: 0.9497
Validation Data Eval:
  Num examples: 9984  Num correct: 8938  Precision @ 1: 0.8952
Test Data Eval:
  Num examples: 9984  Num correct: 9453  Precision @ 1: 0.9468
Step 191000: loss = 0.10 (0.002 sec)
Training Data Eval:
  Num examples: 199936  Num correct: 189896  Precision @ 1: 0.9498
Validation Data Eval:
  Num examples: 9984  Num correct: 8947  Precision @ 1: 0.8961
Test Data Eval:
  Num examples: 9984  Num correct: 9461  Precision @ 1: 0.9476
Step 192000: loss = 0.07 (0.001 sec)
Training Data Eval:
  Num examples: 199936  Num correct: 189976  Precision @ 1: 0.9502
Validation Data Eval:
  Num examples: 9984  Num correct: 8947  Precision @ 1: 0.8961
Test Data Eval:
  Num examples: 9984  Num correct: 9466  Precision @ 1: 0.9481
Step 193000: loss = 0.14 (0.001 sec)
Training Data Eval:
  Num examples: 199936  Num correct: 190218  Precision @ 1: 0.9514
Validation Data Eval:
  Num examples: 9984  Num correct: 8947  Precision @ 1: 0.8961
Test Data Eval:
  Num examples: 9984  Num correct: 9453  Precision @ 1: 0.9468
Step 194000: loss = 0.14 (0.001 sec)
Training Data Eval:
  Num examples: 199936  Num correct: 190131  Precision @ 1: 0.9510
Validation Data Eval:
  Num examples: 9984  Num correct: 8952  Precision @ 1: 0.8966
Test Data Eval:
  Num examples: 9984  Num correct: 9468  Precision @ 1: 0.9483
Step 195000: loss = 0.19 (0.002 sec)
Training Data Eval:
  Num examples: 199936  Num correct: 190277  Precision @ 1: 0.9517
Validation Data Eval:
  Num examples: 9984  Num correct: 8931  Precision @ 1: 0.8945
Test Data Eval:
  Num examples: 9984  Num correct: 9455  Precision @ 1: 0.9470
Step 196000: loss = 0.12 (0.001 sec)
Training Data Eval:
  Num examples: 199936  Num correct: 190417  Precision @ 1: 0.9524
Validation Data Eval:
  Num examples: 9984  Num correct: 8974  Precision @ 1: 0.8988
Test Data Eval:
  Num examples: 9984  Num correct: 9464  Precision @ 1: 0.9479
Step 197000: loss = 0.20 (0.001 sec)
Training Data Eval:
  Num examples: 199936  Num correct: 189844  Precision @ 1: 0.9495
Validation Data Eval:
  Num examples: 9984  Num correct: 8943  Precision @ 1: 0.8957
Test Data Eval:
  Num examples: 9984  Num correct: 9455  Precision @ 1: 0.9470
Step 198000: loss = 0.18 (0.001 sec)
Training Data Eval:
  Num examples: 199936  Num correct: 190468  Precision @ 1: 0.9526
Validation Data Eval:
  Num examples: 9984  Num correct: 8968  Precision @ 1: 0.8982
Test Data Eval:
  Num examples: 9984  Num correct: 9446  Precision @ 1: 0.9461
Step 199000: loss = 0.21 (0.001 sec)
Training Data Eval:
  Num examples: 199936  Num correct: 190493  Precision @ 1: 0.9528
Validation Data Eval:
  Num examples: 9984  Num correct: 8952  Precision @ 1: 0.8966
Test Data Eval:
  Num examples: 9984  Num correct: 9461  Precision @ 1: 0.9476
