Training set (200000, 28, 28) (200000,)
Validation set (10000, 28, 28) (10000,)
Test set (10000, 28, 28) (10000,)
Training set (200000, 28, 28, 1) (200000, 10)
Validation set (10000, 28, 28, 1) (10000, 10)
Test set (10000, 28, 28, 1) (10000, 10)
Training set (200000, 28, 28, 1) (200000, 10)
Validation set (10000, 28, 28, 1) (10000, 10)
Test set (10000, 28, 28, 1) (10000, 10)
Initialized
Minibatch loss at step 0: 2.714530
Minibatch accuracy: 25.0%
Validation accuracy: 11.1%
Test accuracy: 11.0%
Minibatch loss at step 1000: 0.552929
Minibatch accuracy: 87.5%
Validation accuracy: 85.6%
Test accuracy: 91.8%
Minibatch loss at step 2000: 0.361241
Minibatch accuracy: 93.8%
Validation accuracy: 86.5%
Test accuracy: 92.5%
Minibatch loss at step 3000: 0.429638
Minibatch accuracy: 93.8%
Validation accuracy: 88.1%
Test accuracy: 93.7%
Minibatch loss at step 4000: 0.036287
Minibatch accuracy: 100.0%
Validation accuracy: 88.1%
Test accuracy: 94.0%
Minibatch loss at step 5000: 0.258811
Minibatch accuracy: 87.5%
Validation accuracy: 88.6%
Test accuracy: 94.6%
Minibatch loss at step 6000: 0.052108
Minibatch accuracy: 100.0%
Validation accuracy: 88.6%
Test accuracy: 94.5%
Minibatch loss at step 7000: 0.421391
Minibatch accuracy: 87.5%
Validation accuracy: 89.2%
Test accuracy: 94.8%
Minibatch loss at step 8000: 1.136504
Minibatch accuracy: 68.8%
Validation accuracy: 89.2%
Test accuracy: 95.0%
Minibatch loss at step 9000: 0.179147
Minibatch accuracy: 93.8%
Validation accuracy: 89.2%
Test accuracy: 94.8%
Minibatch loss at step 10000: 0.085111
Minibatch accuracy: 100.0%
Validation accuracy: 89.8%
Test accuracy: 95.2%
Minibatch loss at step 11000: 0.390899
Minibatch accuracy: 87.5%
Validation accuracy: 89.7%
Test accuracy: 95.1%
Minibatch loss at step 12000: 0.340741
Minibatch accuracy: 87.5%
Validation accuracy: 89.9%
Test accuracy: 95.3%
Minibatch loss at step 13000: 0.207738
Minibatch accuracy: 93.8%
Validation accuracy: 90.1%
Test accuracy: 95.4%
Minibatch loss at step 14000: 0.350791
Minibatch accuracy: 87.5%
Validation accuracy: 90.1%
Test accuracy: 95.5%
Minibatch loss at step 15000: 0.274701
Minibatch accuracy: 87.5%
Validation accuracy: 89.7%
Test accuracy: 95.3%
Minibatch loss at step 16000: 1.197743
Minibatch accuracy: 68.8%
Validation accuracy: 90.4%
Test accuracy: 95.5%
Minibatch loss at step 17000: 0.312908
Minibatch accuracy: 93.8%
Validation accuracy: 90.6%
Test accuracy: 96.0%
Minibatch loss at step 18000: 0.622412
Minibatch accuracy: 75.0%
Validation accuracy: 90.2%
Test accuracy: 95.6%
Minibatch loss at step 19000: 0.246638
Minibatch accuracy: 93.8%
Validation accuracy: 90.4%
Test accuracy: 95.7%
Minibatch loss at step 20000: 0.332983
Minibatch accuracy: 87.5%
Validation accuracy: 90.5%
Test accuracy: 95.9%
Minibatch loss at step 21000: 0.361061
Minibatch accuracy: 87.5%
Validation accuracy: 90.5%
Test accuracy: 95.8%
Minibatch loss at step 22000: 0.015726
Minibatch accuracy: 100.0%
Validation accuracy: 90.3%
Test accuracy: 95.5%
Minibatch loss at step 23000: 0.149795
Minibatch accuracy: 93.8%
Validation accuracy: 90.8%
Test accuracy: 95.9%
Minibatch loss at step 24000: 0.201366
Minibatch accuracy: 93.8%
Validation accuracy: 90.9%
Test accuracy: 95.8%
Minibatch loss at step 25000: 0.338094
Minibatch accuracy: 87.5%
Validation accuracy: 90.8%
Test accuracy: 96.0%
Minibatch loss at step 26000: 0.473250
Minibatch accuracy: 81.2%
Validation accuracy: 90.9%
Test accuracy: 96.2%
Minibatch loss at step 27000: 0.170482
Minibatch accuracy: 100.0%
Validation accuracy: 91.0%
Test accuracy: 96.1%
Minibatch loss at step 28000: 0.676006
Minibatch accuracy: 81.2%
Validation accuracy: 91.0%
Test accuracy: 96.2%
Minibatch loss at step 29000: 0.236355
Minibatch accuracy: 87.5%
Validation accuracy: 90.8%
Test accuracy: 95.8%
Minibatch loss at step 30000: 0.059563
Minibatch accuracy: 100.0%
Validation accuracy: 91.1%
Test accuracy: 96.2%
Minibatch loss at step 31000: 0.185480
Minibatch accuracy: 93.8%
Validation accuracy: 90.9%
Test accuracy: 96.1%
Minibatch loss at step 32000: 0.117705
Minibatch accuracy: 93.8%
Validation accuracy: 90.9%
Test accuracy: 96.2%
Minibatch loss at step 33000: 0.340312
Minibatch accuracy: 87.5%
Validation accuracy: 91.0%
Test accuracy: 96.2%
Minibatch loss at step 34000: 0.105820
Minibatch accuracy: 100.0%
Validation accuracy: 91.2%
Test accuracy: 96.0%
Minibatch loss at step 35000: 0.490260
Minibatch accuracy: 81.2%
Validation accuracy: 91.2%
Test accuracy: 96.2%
Minibatch loss at step 36000: 0.280210
Minibatch accuracy: 87.5%
Validation accuracy: 91.3%
Test accuracy: 96.3%
Minibatch loss at step 37000: 0.170405
Minibatch accuracy: 93.8%
Validation accuracy: 91.4%
Test accuracy: 96.3%
Minibatch loss at step 38000: 0.589704
Minibatch accuracy: 87.5%
Validation accuracy: 91.3%
Test accuracy: 96.1%
Minibatch loss at step 39000: 0.043949
Minibatch accuracy: 100.0%
Validation accuracy: 91.3%
Test accuracy: 96.1%
Minibatch loss at step 40000: 0.095188
Minibatch accuracy: 93.8%
Validation accuracy: 91.1%
Test accuracy: 96.2%
Minibatch loss at step 41000: 0.475323
Minibatch accuracy: 93.8%
Validation accuracy: 91.4%
Test accuracy: 96.2%
Minibatch loss at step 42000: 0.356791
Minibatch accuracy: 81.2%
Validation accuracy: 91.5%
Test accuracy: 96.3%
Minibatch loss at step 43000: 0.034738
Minibatch accuracy: 100.0%
Validation accuracy: 91.2%
Test accuracy: 96.2%
Minibatch loss at step 44000: 0.350480
Minibatch accuracy: 87.5%
Validation accuracy: 91.5%
Test accuracy: 96.3%
Minibatch loss at step 45000: 0.457239
Minibatch accuracy: 87.5%
Validation accuracy: 91.3%
Test accuracy: 96.4%
Minibatch loss at step 46000: 0.277043
Minibatch accuracy: 93.8%
Validation accuracy: 91.3%
Test accuracy: 96.2%
Minibatch loss at step 47000: 0.021612
Minibatch accuracy: 100.0%
Validation accuracy: 91.3%
Test accuracy: 96.1%
Minibatch loss at step 48000: 0.068062
Minibatch accuracy: 100.0%
Validation accuracy: 91.5%
Test accuracy: 96.2%
Minibatch loss at step 49000: 0.011207
Minibatch accuracy: 100.0%
Validation accuracy: 91.6%
Test accuracy: 96.4%
Minibatch loss at step 50000: 0.061107
Minibatch accuracy: 100.0%
Validation accuracy: 91.5%
Test accuracy: 96.4%
Minibatch loss at step 51000: 0.002295
Minibatch accuracy: 100.0%
Validation accuracy: 91.5%
Test accuracy: 96.4%
Minibatch loss at step 52000: 0.554026
Minibatch accuracy: 75.0%
Validation accuracy: 91.5%
Test accuracy: 96.3%
Minibatch loss at step 53000: 0.048532
Minibatch accuracy: 100.0%
Validation accuracy: 91.5%
Test accuracy: 96.4%
Minibatch loss at step 54000: 0.024420
Minibatch accuracy: 100.0%
Validation accuracy: 91.5%
Test accuracy: 96.3%
Minibatch loss at step 55000: 0.764583
Minibatch accuracy: 75.0%
Validation accuracy: 91.8%
Test accuracy: 96.3%
Minibatch loss at step 56000: 0.070629
Minibatch accuracy: 93.8%
Validation accuracy: 91.6%
Test accuracy: 96.4%
Minibatch loss at step 57000: 0.211200
Minibatch accuracy: 93.8%
Validation accuracy: 91.6%
Test accuracy: 96.5%
Minibatch loss at step 58000: 0.091456
Minibatch accuracy: 93.8%
Validation accuracy: 91.3%
Test accuracy: 96.3%
Minibatch loss at step 59000: 0.413044
Minibatch accuracy: 87.5%
Validation accuracy: 91.6%
Test accuracy: 96.4%
Minibatch loss at step 60000: 0.283714
Minibatch accuracy: 87.5%
Validation accuracy: 91.7%
Test accuracy: 96.5%
Minibatch loss at step 61000: 0.035369
Minibatch accuracy: 100.0%
Validation accuracy: 91.8%
Test accuracy: 96.5%
Minibatch loss at step 62000: 0.213310
Minibatch accuracy: 87.5%
Validation accuracy: 91.7%
Test accuracy: 96.4%
Minibatch loss at step 63000: 0.231872
Minibatch accuracy: 93.8%
Validation accuracy: 91.8%
Test accuracy: 96.4%
Minibatch loss at step 64000: 0.098772
Minibatch accuracy: 93.8%
Validation accuracy: 91.7%
Test accuracy: 96.5%
Minibatch loss at step 65000: 0.312701
Minibatch accuracy: 93.8%
Validation accuracy: 91.6%
Test accuracy: 96.5%
Minibatch loss at step 66000: 0.074804
Minibatch accuracy: 93.8%
Validation accuracy: 91.8%
Test accuracy: 96.5%
Minibatch loss at step 67000: 0.250500
Minibatch accuracy: 87.5%
Validation accuracy: 92.0%
Test accuracy: 96.6%
Minibatch loss at step 68000: 0.236220
Minibatch accuracy: 93.8%
Validation accuracy: 91.9%
Test accuracy: 96.4%
Minibatch loss at step 69000: 0.311964
Minibatch accuracy: 93.8%
Validation accuracy: 91.5%
Test accuracy: 96.6%
Minibatch loss at step 70000: 0.348278
Minibatch accuracy: 87.5%
Validation accuracy: 91.7%
Test accuracy: 96.5%
Minibatch loss at step 71000: 0.272524
Minibatch accuracy: 93.8%
Validation accuracy: 91.6%
Test accuracy: 96.4%
Minibatch loss at step 72000: 0.166118
Minibatch accuracy: 93.8%
Validation accuracy: 91.8%
Test accuracy: 96.4%
Minibatch loss at step 73000: 0.373254
Minibatch accuracy: 81.2%
Validation accuracy: 91.7%
Test accuracy: 96.5%
Minibatch loss at step 74000: 0.301455
Minibatch accuracy: 87.5%
Validation accuracy: 91.9%
Test accuracy: 96.5%
Minibatch loss at step 75000: 0.100119
Minibatch accuracy: 93.8%
Validation accuracy: 91.7%
Test accuracy: 96.4%
Minibatch loss at step 76000: 0.167441
Minibatch accuracy: 93.8%
Validation accuracy: 92.0%
Test accuracy: 96.5%
Minibatch loss at step 77000: 0.009138
Minibatch accuracy: 100.0%
Validation accuracy: 91.8%
Test accuracy: 96.6%
Minibatch loss at step 78000: 0.050191
Minibatch accuracy: 100.0%
Validation accuracy: 91.8%
Test accuracy: 96.7%
Minibatch loss at step 79000: 0.035009
Minibatch accuracy: 100.0%
Validation accuracy: 91.7%
Test accuracy: 96.4%
Minibatch loss at step 80000: 0.187340
Minibatch accuracy: 93.8%
Validation accuracy: 92.1%
Test accuracy: 96.5%
Minibatch loss at step 81000: 0.133400
Minibatch accuracy: 93.8%
Validation accuracy: 91.6%
Test accuracy: 96.4%
Minibatch loss at step 82000: 0.667238
Minibatch accuracy: 81.2%
Validation accuracy: 91.9%
Test accuracy: 96.5%
Minibatch loss at step 83000: 0.054830
Minibatch accuracy: 100.0%
Validation accuracy: 91.8%
Test accuracy: 96.5%
Minibatch loss at step 84000: 0.311113
Minibatch accuracy: 87.5%
Validation accuracy: 91.8%
Test accuracy: 96.4%
Minibatch loss at step 85000: 0.143360
Minibatch accuracy: 93.8%
Validation accuracy: 91.8%
Test accuracy: 96.5%
Minibatch loss at step 86000: 0.443309
Minibatch accuracy: 87.5%
Validation accuracy: 92.0%
Test accuracy: 96.6%
Minibatch loss at step 87000: 0.064284
Minibatch accuracy: 100.0%
Validation accuracy: 92.0%
Test accuracy: 96.5%
Minibatch loss at step 88000: 0.130759
Minibatch accuracy: 93.8%
Validation accuracy: 92.0%
Test accuracy: 96.5%
Minibatch loss at step 89000: 0.132744
Minibatch accuracy: 93.8%
Validation accuracy: 91.8%
Test accuracy: 96.5%
Minibatch loss at step 90000: 0.227722
Minibatch accuracy: 93.8%
Validation accuracy: 91.8%
Test accuracy: 96.5%
Minibatch loss at step 91000: 0.191453
Minibatch accuracy: 93.8%
Validation accuracy: 92.0%
Test accuracy: 96.6%
Minibatch loss at step 92000: 0.167686
Minibatch accuracy: 93.8%
Validation accuracy: 92.0%
Test accuracy: 96.6%
Minibatch loss at step 93000: 0.381500
Minibatch accuracy: 81.2%
Validation accuracy: 92.0%
Test accuracy: 96.5%
Minibatch loss at step 94000: 0.327770
Minibatch accuracy: 87.5%
Validation accuracy: 91.7%
Test accuracy: 96.7%
Minibatch loss at step 95000: 0.127956
Minibatch accuracy: 93.8%
Validation accuracy: 91.9%
Test accuracy: 96.6%
Minibatch loss at step 96000: 0.069070
Minibatch accuracy: 100.0%
Validation accuracy: 91.8%
Test accuracy: 96.5%
Minibatch loss at step 97000: 0.128153
Minibatch accuracy: 93.8%
Validation accuracy: 91.8%
Test accuracy: 96.5%
Minibatch loss at step 98000: 0.141535
Minibatch accuracy: 93.8%
Validation accuracy: 91.8%
Test accuracy: 96.5%
Minibatch loss at step 99000: 0.004405
Minibatch accuracy: 100.0%
Validation accuracy: 92.0%
Test accuracy: 96.5%
Minibatch loss at step 100000: 0.009065
Minibatch accuracy: 100.0%
Validation accuracy: 92.0%
Test accuracy: 96.4%
Minibatch loss at step 101000: 0.127697
Minibatch accuracy: 93.8%
Validation accuracy: 92.0%
Test accuracy: 96.7%
Minibatch loss at step 102000: 0.016538
Minibatch accuracy: 100.0%
Validation accuracy: 92.0%
Test accuracy: 96.6%
Minibatch loss at step 103000: 0.033876
Minibatch accuracy: 100.0%
Validation accuracy: 91.9%
Test accuracy: 96.7%
Minibatch loss at step 104000: 0.588306
Minibatch accuracy: 93.8%
Validation accuracy: 92.0%
Test accuracy: 96.6%
Minibatch loss at step 105000: 0.128913
Minibatch accuracy: 93.8%
Validation accuracy: 91.9%
Test accuracy: 96.6%
Minibatch loss at step 106000: 0.346752
Minibatch accuracy: 93.8%
Validation accuracy: 91.8%
Test accuracy: 96.5%
Minibatch loss at step 107000: 0.017615
Minibatch accuracy: 100.0%
Validation accuracy: 91.9%
Test accuracy: 96.5%
Minibatch loss at step 108000: 0.225039
Minibatch accuracy: 87.5%
Validation accuracy: 91.9%
Test accuracy: 96.6%
Minibatch loss at step 109000: 0.053943
Minibatch accuracy: 100.0%
Validation accuracy: 92.0%
Test accuracy: 96.5%
Minibatch loss at step 110000: 0.330188
Minibatch accuracy: 87.5%
Validation accuracy: 92.0%
Test accuracy: 96.5%
Minibatch loss at step 111000: 0.021229
Minibatch accuracy: 100.0%
Validation accuracy: 92.0%
Test accuracy: 96.7%
Minibatch loss at step 112000: 0.145911
Minibatch accuracy: 93.8%
Validation accuracy: 92.0%
Test accuracy: 96.5%
Minibatch loss at step 113000: 0.172070
Minibatch accuracy: 93.8%
Validation accuracy: 92.2%
Test accuracy: 96.6%
Minibatch loss at step 114000: 0.049526
Minibatch accuracy: 100.0%
Validation accuracy: 91.9%
Test accuracy: 96.5%
Minibatch loss at step 115000: 0.273237
Minibatch accuracy: 87.5%
Validation accuracy: 92.0%
Test accuracy: 96.7%
Minibatch loss at step 116000: 0.425223
Minibatch accuracy: 93.8%
Validation accuracy: 92.0%
Test accuracy: 96.6%
Minibatch loss at step 117000: 0.024008
Minibatch accuracy: 100.0%
Validation accuracy: 91.9%
Test accuracy: 96.7%
Minibatch loss at step 118000: 0.011396
Minibatch accuracy: 100.0%
Validation accuracy: 92.0%
Test accuracy: 96.5%
Minibatch loss at step 119000: 0.180456
Minibatch accuracy: 93.8%
Validation accuracy: 91.8%
Test accuracy: 96.6%
Minibatch loss at step 120000: 0.298268
Minibatch accuracy: 87.5%
Validation accuracy: 91.9%
Test accuracy: 96.7%
Minibatch loss at step 121000: 0.192487
Minibatch accuracy: 93.8%
Validation accuracy: 91.8%
Test accuracy: 96.6%
Minibatch loss at step 122000: 0.018390
Minibatch accuracy: 100.0%
Validation accuracy: 91.8%
Test accuracy: 96.6%
Minibatch loss at step 123000: 0.064248
Minibatch accuracy: 100.0%
Validation accuracy: 92.0%
Test accuracy: 96.7%
Minibatch loss at step 124000: 0.059943
Minibatch accuracy: 100.0%
Validation accuracy: 92.0%
Test accuracy: 96.6%
Minibatch loss at step 125000: 0.081389
Minibatch accuracy: 100.0%
Validation accuracy: 91.8%
Test accuracy: 96.4%
Minibatch loss at step 126000: 0.154733
Minibatch accuracy: 93.8%
Validation accuracy: 91.9%
Test accuracy: 96.8%
Minibatch loss at step 127000: 0.093356
Minibatch accuracy: 93.8%
Validation accuracy: 92.1%
Test accuracy: 96.6%
Minibatch loss at step 128000: 0.014044
Minibatch accuracy: 100.0%
Validation accuracy: 92.0%
Test accuracy: 96.8%
Minibatch loss at step 129000: 0.147656
Minibatch accuracy: 93.8%
Validation accuracy: 91.8%
Test accuracy: 96.7%
Minibatch loss at step 130000: 0.001961
Minibatch accuracy: 100.0%
Validation accuracy: 91.9%
Test accuracy: 96.6%
Minibatch loss at step 131000: 0.137115
Minibatch accuracy: 93.8%
Validation accuracy: 91.7%
Test accuracy: 96.5%
Minibatch loss at step 132000: 0.201351
Minibatch accuracy: 93.8%
Validation accuracy: 91.7%
Test accuracy: 96.4%
Minibatch loss at step 133000: 0.069117
Minibatch accuracy: 100.0%
Validation accuracy: 91.9%
Test accuracy: 96.5%
Minibatch loss at step 134000: 0.350246
Minibatch accuracy: 87.5%
Validation accuracy: 92.0%
Test accuracy: 96.6%
Minibatch loss at step 135000: 0.052668
Minibatch accuracy: 100.0%
Validation accuracy: 92.0%
Test accuracy: 96.5%
Minibatch loss at step 136000: 0.004263
Minibatch accuracy: 100.0%
Validation accuracy: 92.0%
Test accuracy: 96.7%
Minibatch loss at step 137000: 0.394117
Minibatch accuracy: 93.8%
Validation accuracy: 91.9%
Test accuracy: 96.5%
Minibatch loss at step 138000: 0.108564
Minibatch accuracy: 93.8%
Validation accuracy: 92.1%
Test accuracy: 96.7%
Minibatch loss at step 139000: 0.654585
Minibatch accuracy: 81.2%
Validation accuracy: 91.8%
Test accuracy: 96.7%
Minibatch loss at step 140000: 0.156411
Minibatch accuracy: 93.8%
Validation accuracy: 91.9%
Test accuracy: 96.7%
Minibatch loss at step 141000: 0.126741
Minibatch accuracy: 100.0%
Validation accuracy: 92.0%
Test accuracy: 96.7%
Minibatch loss at step 142000: 0.053500
Minibatch accuracy: 100.0%
Validation accuracy: 91.8%
Test accuracy: 96.6%
Minibatch loss at step 143000: 0.307635
Minibatch accuracy: 87.5%
Validation accuracy: 92.1%
Test accuracy: 96.6%
Minibatch loss at step 144000: 0.276508
Minibatch accuracy: 87.5%
Validation accuracy: 91.8%
Test accuracy: 96.7%
Minibatch loss at step 145000: 0.026711
Minibatch accuracy: 100.0%
Validation accuracy: 91.9%
Test accuracy: 96.6%
Minibatch loss at step 146000: 0.009258
Minibatch accuracy: 100.0%
Validation accuracy: 91.8%
Test accuracy: 96.7%
Minibatch loss at step 147000: 0.007954
Minibatch accuracy: 100.0%
Validation accuracy: 91.8%
Test accuracy: 96.6%
Minibatch loss at step 148000: 0.202337
Minibatch accuracy: 93.8%
Validation accuracy: 91.7%
Test accuracy: 96.7%
Minibatch loss at step 149000: 0.031052
Minibatch accuracy: 100.0%
Validation accuracy: 91.9%
Test accuracy: 96.8%
Minibatch loss at step 150000: 0.107027
Minibatch accuracy: 93.8%
Validation accuracy: 91.9%
Test accuracy: 96.5%
Minibatch loss at step 151000: 0.393269
Minibatch accuracy: 81.2%
Validation accuracy: 91.8%
Test accuracy: 96.8%
Minibatch loss at step 152000: 0.079264
Minibatch accuracy: 93.8%
Validation accuracy: 92.0%
Test accuracy: 96.6%
Minibatch loss at step 153000: 0.140216
Minibatch accuracy: 93.8%
Validation accuracy: 92.0%
Test accuracy: 96.7%
Minibatch loss at step 154000: 0.179692
Minibatch accuracy: 93.8%
Validation accuracy: 91.8%
Test accuracy: 96.7%
Minibatch loss at step 155000: 0.130014
Minibatch accuracy: 93.8%
Validation accuracy: 91.8%
Test accuracy: 96.7%
Minibatch loss at step 156000: 0.382043
Minibatch accuracy: 87.5%
Validation accuracy: 91.7%
Test accuracy: 96.5%
Minibatch loss at step 157000: 0.309118
Minibatch accuracy: 87.5%
Validation accuracy: 91.7%
Test accuracy: 96.3%
Minibatch loss at step 158000: 0.033876
Minibatch accuracy: 100.0%
Validation accuracy: 91.8%
Test accuracy: 96.5%
Minibatch loss at step 159000: 0.037228
Minibatch accuracy: 100.0%
Validation accuracy: 91.9%
Test accuracy: 96.6%
Minibatch loss at step 160000: 0.315079
Minibatch accuracy: 87.5%
Validation accuracy: 92.0%
Test accuracy: 96.5%
Minibatch loss at step 161000: 0.005894
Minibatch accuracy: 100.0%
Validation accuracy: 92.0%
Test accuracy: 96.8%
Minibatch loss at step 162000: 0.234524
Minibatch accuracy: 93.8%
Validation accuracy: 91.8%
Test accuracy: 96.5%
Minibatch loss at step 163000: 0.174794
Minibatch accuracy: 93.8%
Validation accuracy: 92.1%
Test accuracy: 96.7%
Minibatch loss at step 164000: 0.178380
Minibatch accuracy: 93.8%
Validation accuracy: 91.7%
Test accuracy: 96.8%
Minibatch loss at step 165000: 0.136979
Minibatch accuracy: 93.8%
Validation accuracy: 91.8%
Test accuracy: 96.6%
Minibatch loss at step 166000: 0.007693
Minibatch accuracy: 100.0%
Validation accuracy: 91.9%
Test accuracy: 96.7%
Minibatch loss at step 167000: 0.212574
Minibatch accuracy: 93.8%
Validation accuracy: 91.9%
Test accuracy: 96.5%
Minibatch loss at step 168000: 0.088380
Minibatch accuracy: 93.8%
Validation accuracy: 92.0%
Test accuracy: 96.6%
Minibatch loss at step 169000: 0.056156
Minibatch accuracy: 100.0%
Validation accuracy: 91.7%
Test accuracy: 96.6%
Minibatch loss at step 170000: 0.365804
Minibatch accuracy: 87.5%
Validation accuracy: 92.0%
Test accuracy: 96.6%
Minibatch loss at step 171000: 0.390303
Minibatch accuracy: 87.5%
Validation accuracy: 91.7%
Test accuracy: 96.6%
Minibatch loss at step 172000: 0.031405
Minibatch accuracy: 100.0%
Validation accuracy: 91.8%
Test accuracy: 96.7%
Minibatch loss at step 173000: 0.312991
Minibatch accuracy: 87.5%
Validation accuracy: 91.8%
Test accuracy: 96.7%
Minibatch loss at step 174000: 0.101220
Minibatch accuracy: 100.0%
Validation accuracy: 91.9%
Test accuracy: 96.7%
Minibatch loss at step 175000: 0.190166
Minibatch accuracy: 100.0%
Validation accuracy: 91.9%
Test accuracy: 96.5%
Minibatch loss at step 176000: 0.002556
Minibatch accuracy: 100.0%
Validation accuracy: 91.9%
Test accuracy: 96.7%
Minibatch loss at step 177000: 0.262546
Minibatch accuracy: 87.5%
Validation accuracy: 92.0%
Test accuracy: 96.6%
Minibatch loss at step 178000: 0.016575
Minibatch accuracy: 100.0%
Validation accuracy: 91.9%
Test accuracy: 96.7%
Minibatch loss at step 179000: 0.007694
Minibatch accuracy: 100.0%
Validation accuracy: 91.9%
Test accuracy: 96.8%
Minibatch loss at step 180000: 0.317369
Minibatch accuracy: 87.5%
Validation accuracy: 91.8%
Test accuracy: 96.6%
Minibatch loss at step 181000: 0.094911
Minibatch accuracy: 93.8%
Validation accuracy: 91.7%
Test accuracy: 96.5%
Minibatch loss at step 182000: 0.003785
Minibatch accuracy: 100.0%
Validation accuracy: 91.5%
Test accuracy: 96.4%
Minibatch loss at step 183000: 0.034543
Minibatch accuracy: 100.0%
Validation accuracy: 91.8%
Test accuracy: 96.4%
Minibatch loss at step 184000: 0.073267
Minibatch accuracy: 100.0%
Validation accuracy: 91.8%
Test accuracy: 96.6%
Minibatch loss at step 185000: 0.467686
Minibatch accuracy: 93.8%
Validation accuracy: 91.8%
Test accuracy: 96.5%
Minibatch loss at step 186000: 0.121928
Minibatch accuracy: 93.8%
Validation accuracy: 91.9%
Test accuracy: 96.8%
Minibatch loss at step 187000: 0.864711
Minibatch accuracy: 75.0%
Validation accuracy: 91.7%
Test accuracy: 96.5%
Minibatch loss at step 188000: 0.067758
Minibatch accuracy: 100.0%
Validation accuracy: 92.0%
Test accuracy: 96.8%
Minibatch loss at step 189000: 0.520043
Minibatch accuracy: 81.2%
Validation accuracy: 91.8%
Test accuracy: 96.7%
Minibatch loss at step 190000: 0.279647
Minibatch accuracy: 87.5%
Validation accuracy: 91.8%
Test accuracy: 96.6%
Minibatch loss at step 191000: 0.039632
Minibatch accuracy: 100.0%
Validation accuracy: 91.9%
Test accuracy: 96.6%
Minibatch loss at step 192000: 0.144686
Minibatch accuracy: 93.8%
Validation accuracy: 91.8%
Test accuracy: 96.6%
Minibatch loss at step 193000: 0.170065
Minibatch accuracy: 93.8%
Validation accuracy: 92.0%
Test accuracy: 96.6%
Minibatch loss at step 194000: 0.227223
Minibatch accuracy: 93.8%
Validation accuracy: 91.6%
Test accuracy: 96.5%
Minibatch loss at step 195000: 0.119175
Minibatch accuracy: 93.8%
Validation accuracy: 91.8%
Test accuracy: 96.6%
Minibatch loss at step 196000: 0.101081
Minibatch accuracy: 100.0%
Validation accuracy: 91.7%
Test accuracy: 96.6%
Minibatch loss at step 197000: 0.158479
Minibatch accuracy: 93.8%
Validation accuracy: 91.8%
Test accuracy: 96.6%
Minibatch loss at step 198000: 0.132695
Minibatch accuracy: 100.0%
Validation accuracy: 91.7%
Test accuracy: 96.7%
Minibatch loss at step 199000: 0.043846
Minibatch accuracy: 100.0%
Validation accuracy: 91.8%
Test accuracy: 96.7%
Minibatch loss at step 200000: 0.013929
Minibatch accuracy: 100.0%
Validation accuracy: 91.9%
Test accuracy: 96.5%
